#
# A fatal error has been detected by the Java Runtime Environment:
#
#  EXCEPTION_ACCESS_VIOLATION (0xc0000005) at pc=0x00007ffe4be566f0, pid=6948, tid=8260
#
# JRE version: Java(TM) SE Runtime Environment (14.0.2+12) (build 14.0.2+12-46)
# Java VM: Java HotSpot(TM) 64-Bit Server VM (14.0.2+12-46, mixed mode, sharing, tiered, compressed oops, g1 gc, windows-amd64)
# Problematic frame:
# C  [glass.dll+0x266f0]
#
# No core dump will be written. Minidumps are not enabled by default on client versions of Windows
#
# If you would like to submit a bug report, please visit:
#   https://bugreport.java.com/bugreport/crash.jsp
#

---------------  S U M M A R Y ------------

Command Line: --add-modules=javafx.base,javafx.controls,javafx.fxml,javafx.graphics,javafx.media,javafx.swing,javafx.web --module-path=C:\Users\PAWEL\.gradle\caches\modules-2\files-2.1\org.openjfx\javafx-web\14\af6899fcd98420da5273f17e91b937fcc15a2ac9\javafx-web-14-win.jar;C:\Users\PAWEL\.gradle\caches\modules-2\files-2.1\org.openjfx\javafx-fxml\14\71c819f0445fc613f631698c495d9ae92a35b041\javafx-fxml-14-win.jar;C:\Users\PAWEL\.gradle\caches\modules-2\files-2.1\org.openjfx\javafx-controls\14\f0f836ec9d1dd5ce0f3776cd2a87949e5191e085\javafx-controls-14-win.jar;C:\Users\PAWEL\.gradle\caches\modules-2\files-2.1\org.openjfx\javafx-swing\14\3a4621195292f0a685c4bb2c0172d30b0a42e694\javafx-swing-14-win.jar;C:\Users\PAWEL\.gradle\caches\modules-2\files-2.1\org.openjfx\javafx-media\14\4a08bb1a89b3ee89615633c3139ed933bbf28041\javafx-media-14-win.jar;C:\Users\PAWEL\.gradle\caches\modules-2\files-2.1\org.openjfx\javafx-graphics\14\ed1f8b8c5893d2d62e7c1fc66c9ba06dfe02787d\javafx-graphics-14-win.jar;C:\Users\PAWEL\.gradle\caches\modules-2\files-2.1\org.openjfx\javafx-base\14\956a9be2db3fe917ebfc24c2d04ab0cb5d6714c7\javafx-base-14-win.jar -Dfile.encoding=windows-1250 -Duser.country=PL -Duser.language=pl -Duser.variant chessgame.Main

Host: Intel(R) Core(TM) i7-6700HQ CPU @ 2.60GHz, 8 cores, 23G,  Windows 10 , 64 bit Build 18362 (10.0.18362.1350)
Time: Sat Mar 20 11:58:52 2021 ?rodkowoeuropejski czas stand. elapsed time: 8 seconds (0d 0h 0m 8s)

---------------  T H R E A D  ---------------

Current thread (0x000002a7e5d2e800):  VMThread "VM Thread" [stack: 0x000000f7e9b00000,0x000000f7e9c00000] [id=8260]

Stack: [0x000000f7e9b00000,0x000000f7e9c00000],  sp=0x000000f7e9bff2a0,  free space=1020k
Native frames: (J=compiled Java code, j=interpreted, Vv=VM code, C=native code)
C  [glass.dll+0x266f0]


siginfo: EXCEPTION_ACCESS_VIOLATION (0xc0000005), reading address 0x0000000000000000


Register to memory mapping:

RIP=0x00007ffe4be566f0 glass.dll
RAX=0x0 is NULL
RBX=0x000002a7e6523d40 is a global jni handle
RCX=0x000002a7e5d2e800 points into unknown readable memory: c0 a7 71 1d fe 7f 00 00
RDX=0x000000f7e9bff2a0 points into unknown readable memory: 00 00 00 00 00 00 00 00
RSP=0x000000f7e9bff2a0 points into unknown readable memory: 00 00 00 00 00 00 00 00
RBP=0x000002a7e66a0778 points into unknown readable memory: bf ba 9e 27 6f 24 00 00
RSI=0x000002a7e66a0750 points into unknown readable memory: 89 21 6c 02 90 1b 00 00
RDI=0x0000246f279ebabf is an unknown value
R8 =0x0000000000010002 is an unknown value
R9 =0x0000246f279ebabf is an unknown value
R10=0x0000000000008000 is an unknown value
R11=0x000000f7e9bff240 points into unknown readable memory: 50 07 6a e6 a7 02 00 00
R12=0x00007ffe4be53b84 glass.dll
R13=0x000002a7e5b3cfc8 points into unknown readable memory: 00 e8 d2 e5 a7 02 00 00
R14=0x000000f7e9bff3a8 points into unknown readable memory: 90 f3 bf e9 f7 00 00 00
R15=0x000002a7e66a0750 points into unknown readable memory: 89 21 6c 02 90 1b 00 00


Registers:
RAX=0x0000000000000000, RBX=0x000002a7e6523d40, RCX=0x000002a7e5d2e800, RDX=0x000000f7e9bff2a0
RSP=0x000000f7e9bff2a0, RBP=0x000002a7e66a0778, RSI=0x000002a7e66a0750, RDI=0x0000246f279ebabf
R8 =0x0000000000010002, R9 =0x0000246f279ebabf, R10=0x0000000000008000, R11=0x000000f7e9bff240
R12=0x00007ffe4be53b84, R13=0x000002a7e5b3cfc8, R14=0x000000f7e9bff3a8, R15=0x000002a7e66a0750
RIP=0x00007ffe4be566f0, EFLAGS=0x0000000000010202

Top of Stack: (sp=0x000000f7e9bff2a0)
0x000000f7e9bff2a0:   0000000000000000 00007ffe6fbe14cb
0x000000f7e9bff2b0:   000002a7e66a0760 000002a7e66a0750
0x000000f7e9bff2c0:   fffffffffffffffe 00007ffe4be6a1a0
0x000000f7e9bff2d0:   000002a7e66a0758 00007ffe6fbe9d26
0x000000f7e9bff2e0:   000002a7e66a0760 000002a700000000
0x000000f7e9bff2f0:   0000000000000000 00007ffe6fbe9f66
0x000000f7e9bff300:   fffffffffffffffe 0000000000000000
0x000000f7e9bff310:   0000000000000001 00007ffe4be30000
0x000000f7e9bff320:   000000f7e9bff398 00007ffe6fbe9c4b
0x000000f7e9bff330:   0000000000000000 000000f7e9bff3a8
0x000000f7e9bff340:   000000f7e9bff660 00007ffe6fcbbc20
0x000000f7e9bff350:   0000000000000000 00007ffe6fbe9c04
0x000000f7e9bff360:   0000000000000000 0000000000000001
0x000000f7e9bff370:   00007ffe0000000d 000000f7e9bff398
0x000000f7e9bff380:   0000000000000000 00007ffe4be53a12
0x000000f7e9bff390:   00007ffe4be6d118 00007ffe00000002 

Instructions: (pc=0x00007ffe4be566f0)
0x00007ffe4be565f0:   8b 4d 60 e8 98 c9 ff ff 48 8b 55 68 48 8b 8d 08
0x00007ffe4be56600:   01 00 00 e8 49 be ff ff 33 d2 33 c9 e8 49 de ff
0x00007ffe4be56610:   ff 90 cc cc cc cc cc cc cc cc cc cc cc cc cc cc
0x00007ffe4be56620:   48 8d 8a 80 00 00 00 e9 14 e9 fe ff 48 89 54 24
0x00007ffe4be56630:   10 55 48 83 ec 20 48 8b ea 48 8d 05 dd ca ff ff
0x00007ffe4be56640:   48 83 c4 20 5d c3 cc 40 55 48 8b ea 48 8b 01 33
0x00007ffe4be56650:   c9 81 38 05 00 00 c0 0f 94 c1 8b c1 5d c3 cc 40
0x00007ffe4be56660:   55 48 83 ec 20 48 8b ea 8a 4d 40 48 83 c4 20 5d
0x00007ffe4be56670:   e9 df cd ff ff cc 40 55 48 83 ec 20 48 8b ea e8
0x00007ffe4be56680:   fc cb ff ff 8a 4d 38 48 83 c4 20 5d e9 c3 cd ff
0x00007ffe4be56690:   ff cc 40 55 48 83 ec 30 48 8b ea 48 8b 01 8b 10
0x00007ffe4be566a0:   48 89 4c 24 28 89 54 24 20 4c 8d 0d a4 d1 ff ff
0x00007ffe4be566b0:   4c 8b 45 70 8b 55 68 48 8b 4d 60 e8 30 cb ff ff
0x00007ffe4be566c0:   90 48 83 c4 30 5d c3 cc cc cc cc cc cc cc cc cc
0x00007ffe4be566d0:   40 53 48 83 ec 30 48 c7 44 24 20 fe ff ff ff 48
0x00007ffe4be566e0:   8b 1d 2a 64 01 00 48 85 db 74 16 e8 90 85 ff ff
0x00007ffe4be566f0:   4c 8b 00 48 8b d3 48 8b c8 41 ff 90 b0 00 00 00
0x00007ffe4be56700:   90 48 83 c4 30 5b c3 cc cc cc cc cc cc cc cc cc
0x00007ffe4be56710:   40 53 48 83 ec 20 48 8b 1d 9b 65 01 00 48 85 db
0x00007ffe4be56720:   74 57 b8 ff ff ff ff f0 0f c1 43 10 83 f8 01 75
0x00007ffe4be56730:   3d 48 85 db 74 38 48 8b 0b 48 85 c9 74 0d ff 15
0x00007ffe4be56740:   64 0b 00 00 48 c7 03 00 00 00 00 48 8b 4b 08 48
0x00007ffe4be56750:   85 c9 74 0d e8 37 c8 ff ff 48 c7 43 08 00 00 00
0x00007ffe4be56760:   00 ba 18 00 00 00 48 8b cb e8 22 c8 ff ff 48 c7
0x00007ffe4be56770:   05 3f 65 01 00 00 00 00 00 48 83 c4 20 5b c3 cc
0x00007ffe4be56780:   40 53 48 83 ec 20 48 8b 1d 0b 65 01 00 48 85 db
0x00007ffe4be56790:   74 57 b8 ff ff ff ff f0 0f c1 43 10 83 f8 01 75
0x00007ffe4be567a0:   3d 48 85 db 74 38 48 8b 0b 48 85 c9 74 0d ff 15
0x00007ffe4be567b0:   f4 0a 00 00 48 c7 03 00 00 00 00 48 8b 4b 08 48
0x00007ffe4be567c0:   85 c9 74 0d e8 c7 c7 ff ff 48 c7 43 08 00 00 00
0x00007ffe4be567d0:   00 ba 18 00 00 00 48 8b cb e8 b2 c7 ff ff 48 c7
0x00007ffe4be567e0:   05 af 64 01 00 00 00 00 00 48 83 c4 20 5b c3 cc 


Stack slot to memory mapping:
stack at sp + 0 slots: 0x0 is NULL
stack at sp + 1 slots: 0x00007ffe6fbe14cb ucrtbase.dll
stack at sp + 2 slots: 0x000002a7e66a0760 points into unknown readable memory: bf ba 9e 27 6f 24 00 00
stack at sp + 3 slots: 0x000002a7e66a0750 points into unknown readable memory: 89 21 6c 02 90 1b 00 00
stack at sp + 4 slots: 0xfffffffffffffffe is an unknown value
stack at sp + 5 slots: 0x00007ffe4be6a1a0 glass.dll
stack at sp + 6 slots: 0x000002a7e66a0758 points into unknown readable memory: bf ba 9e 27 6f 24 00 00
stack at sp + 7 slots: 0x00007ffe6fbe9d26 ucrtbase.dll

VM_Operation (0x000000f7eabfb060): Exit, mode: safepoint, requested by thread 0x000002a7e79b2800


---------------  P R O C E S S  ---------------

Threads class SMR info:
_java_thread_list=0x000002a7e85a63b0, length=18, elements={
0x000002a7bd96a000, 0x000002a7e650e800, 0x000002a7e650f800, 0x000002a7e652c000,
0x000002a7e652f000, 0x000002a7e6532000, 0x000002a7e6533000, 0x000002a7e653b800,
0x000002a7e6544800, 0x000002a7e5d21000, 0x000002a7e7635000, 0x000002a7e8327800,
0x000002a7e79b1800, 0x000002a7e79b2800, 0x000002a7e7bcf800, 0x000002a7e7d79800,
0x000002a7e86a4800, 0x000002a7ed904000
}

Java Threads: ( => current thread )
  0x000002a7bd96a000 JavaThread "main" [_thread_blocked, id=6584, stack(0x000000f7e9500000,0x000000f7e9600000)]
  0x000002a7e650e800 JavaThread "Reference Handler" daemon [_thread_blocked, id=9016, stack(0x000000f7e9c00000,0x000000f7e9d00000)]
  0x000002a7e650f800 JavaThread "Finalizer" daemon [_thread_blocked, id=9068, stack(0x000000f7e9d00000,0x000000f7e9e00000)]
  0x000002a7e652c000 JavaThread "Signal Dispatcher" daemon [_thread_blocked, id=7556, stack(0x000000f7e9e00000,0x000000f7e9f00000)]
  0x000002a7e652f000 JavaThread "Attach Listener" daemon [_thread_blocked, id=8084, stack(0x000000f7e9f00000,0x000000f7ea000000)]
  0x000002a7e6532000 JavaThread "Service Thread" daemon [_thread_blocked, id=13704, stack(0x000000f7ea000000,0x000000f7ea100000)]
  0x000002a7e6533000 JavaThread "C2 CompilerThread0" daemon [_thread_blocked, id=9320, stack(0x000000f7ea100000,0x000000f7ea200000)]
  0x000002a7e653b800 JavaThread "C1 CompilerThread0" daemon [_thread_blocked, id=9192, stack(0x000000f7ea200000,0x000000f7ea300000)]
  0x000002a7e6544800 JavaThread "Sweeper thread" daemon [_thread_blocked, id=11072, stack(0x000000f7ea300000,0x000000f7ea400000)]
  0x000002a7e5d21000 JavaThread "Common-Cleaner" daemon [_thread_blocked, id=9312, stack(0x000000f7ea400000,0x000000f7ea500000)]
  0x000002a7e7635000 JavaThread "Notification Thread" daemon [_thread_blocked, id=2628, stack(0x000000f7ea700000,0x000000f7ea800000)]
  0x000002a7e8327800 JavaThread "QuantumRenderer-0" daemon [_thread_blocked, id=1820, stack(0x000000f7ea900000,0x000000f7eaa00000)]
  0x000002a7e79b1800 JavaThread "InvokeLaterDispatcher" daemon [_thread_blocked, id=9808, stack(0x000000f7eaa00000,0x000000f7eab00000)]
  0x000002a7e79b2800 JavaThread "JavaFX Application Thread" [_thread_blocked, id=9396, stack(0x000000f7eab00000,0x000000f7eac00000)]
  0x000002a7e7bcf800 JavaThread "JavaFX-Launcher" [_thread_blocked, id=6204, stack(0x000000f7ea600000,0x000000f7ea700000)]
  0x000002a7e7d79800 JavaThread "Thread-2" daemon [_thread_in_native, id=11560, stack(0x000000f7ea500000,0x000000f7ea600000)]
  0x000002a7e86a4800 JavaThread "Prism Font Disposer" daemon [_thread_blocked, id=4596, stack(0x000000f7ebb00000,0x000000f7ebc00000)]
  0x000002a7ed904000 JavaThread "Cleaner-0" daemon [_thread_blocked, id=9372, stack(0x000000f7ebc00000,0x000000f7ebd00000)]

Other Threads:
=>0x000002a7e5d2e800 VMThread "VM Thread" [stack: 0x000000f7e9b00000,0x000000f7e9c00000] [id=8260]
  0x000002a7bd9f4000 GCTaskThread "GC Thread#0" [stack: 0x000000f7e9600000,0x000000f7e9700000] [id=3772]
  0x000002a7e7dc5800 GCTaskThread "GC Thread#1" [stack: 0x000000f7eaf00000,0x000000f7eb000000] [id=5808]
  0x000002a7e7cb6800 GCTaskThread "GC Thread#2" [stack: 0x000000f7eb000000,0x000000f7eb100000] [id=5884]
  0x000002a7e7cb7000 GCTaskThread "GC Thread#3" [stack: 0x000000f7eb100000,0x000000f7eb200000] [id=11228]
  0x000002a7e7d33800 GCTaskThread "GC Thread#4" [stack: 0x000000f7eb200000,0x000000f7eb300000] [id=428]
  0x000002a7e7d41000 GCTaskThread "GC Thread#5" [stack: 0x000000f7eb300000,0x000000f7eb400000] [id=9472]
  0x000002a7e7d3f800 GCTaskThread "GC Thread#6" [stack: 0x000000f7eb400000,0x000000f7eb500000] [id=10824]
  0x000002a7e7d40000 GCTaskThread "GC Thread#7" [stack: 0x000000f7eb500000,0x000000f7eb600000] [id=3524]
  0x000002a7bda26000 ConcurrentGCThread "G1 Main Marker" [stack: 0x000000f7e9700000,0x000000f7e9800000] [id=3020]
  0x000002a7bda27000 ConcurrentGCThread "G1 Conc#0" [stack: 0x000000f7e9800000,0x000000f7e9900000] [id=13292]
  0x000002a7e5cf8000 ConcurrentGCThread "G1 Refine#0" [stack: 0x000000f7e9900000,0x000000f7e9a00000] [id=14096]
  0x000002a7e5cf9800 ConcurrentGCThread "G1 Young RemSet Sampling" [stack: 0x000000f7e9a00000,0x000000f7e9b00000] [id=7352]

Threads with active compile tasks:

VM state:at safepoint (shutting down)

VM Mutex/Monitor currently owned by a thread:  ([mutex/lock_event])
[0x000002a7bd964c30] Threads_lock - owner thread: 0x000002a7e5d2e800
[0x000002a7bd966190] Heap_lock - owner thread: 0x000002a7e79b2800

Heap address: 0x0000000681a00000, size: 6118 MB, Compressed Oops mode: Zero based, Oop shift amount: 3
Narrow klass base: 0x0000000800000000, Narrow klass shift: 3
Compressed class space size: 1073741824 Address: 0x0000000800b30000

Heap:
 garbage-first heap   total 393216K, used 14099K [0x0000000681a00000, 0x0000000800000000)
  region size 1024K, 10 young (10240K), 4 survivors (4096K)
 Metaspace       used 15146K, capacity 16153K, committed 16384K, reserved 1062912K
  class space    used 2186K, capacity 2480K, committed 2560K, reserved 1048576K
Heap Regions: E=young(eden), S=young(survivor), O=old, HS=humongous(starts), HC=humongous(continues), CS=collection set, F=free, OA=open archive, CA=closed archive, TAMS=top-at-mark-start (previous, next)
|   0|0x0000000681a00000, 0x0000000681b00000, 0x0000000681b00000|100%| O|  |TAMS 0x0000000681a00000, 0x0000000681a00000| Untracked 
|   1|0x0000000681b00000, 0x0000000681c00000, 0x0000000681c00000|100%| O|  |TAMS 0x0000000681b00000, 0x0000000681b00000| Untracked 
|   2|0x0000000681c00000, 0x0000000681d00000, 0x0000000681d00000|100%| O|  |TAMS 0x0000000681c00000, 0x0000000681c00000| Untracked 
|   3|0x0000000681d00000, 0x0000000681d3ca00, 0x0000000681e00000| 23%| O|  |TAMS 0x0000000681d00000, 0x0000000681d00000| Untracked 
|   4|0x0000000681e00000, 0x0000000681f00000, 0x0000000681f00000|100%|HS|  |TAMS 0x0000000681e00000, 0x0000000681e00000| Complete 
|   5|0x0000000681f00000, 0x0000000682000000, 0x0000000682000000|100%|HC|  |TAMS 0x0000000681f00000, 0x0000000681f00000| Complete 
|   6|0x0000000682000000, 0x0000000682000000, 0x0000000682100000|  0%| F|  |TAMS 0x0000000682000000, 0x0000000682000000| Untracked 
|   7|0x0000000682100000, 0x0000000682100000, 0x0000000682200000|  0%| F|  |TAMS 0x0000000682100000, 0x0000000682100000| Untracked 
|   8|0x0000000682200000, 0x0000000682200000, 0x0000000682300000|  0%| F|  |TAMS 0x0000000682200000, 0x0000000682200000| Untracked 
|   9|0x0000000682300000, 0x0000000682300000, 0x0000000682400000|  0%| F|  |TAMS 0x0000000682300000, 0x0000000682300000| Untracked 
|  10|0x0000000682400000, 0x0000000682400000, 0x0000000682500000|  0%| F|  |TAMS 0x0000000682400000, 0x0000000682400000| Untracked 
|  11|0x0000000682500000, 0x0000000682500000, 0x0000000682600000|  0%| F|  |TAMS 0x0000000682500000, 0x0000000682500000| Untracked 
|  12|0x0000000682600000, 0x0000000682600000, 0x0000000682700000|  0%| F|  |TAMS 0x0000000682600000, 0x0000000682600000| Untracked 
|  13|0x0000000682700000, 0x0000000682700000, 0x0000000682800000|  0%| F|  |TAMS 0x0000000682700000, 0x0000000682700000| Untracked 
|  14|0x0000000682800000, 0x0000000682800000, 0x0000000682900000|  0%| F|  |TAMS 0x0000000682800000, 0x0000000682800000| Untracked 
|  15|0x0000000682900000, 0x0000000682900000, 0x0000000682a00000|  0%| F|  |TAMS 0x0000000682900000, 0x0000000682900000| Untracked 
|  16|0x0000000682a00000, 0x0000000682a00000, 0x0000000682b00000|  0%| F|  |TAMS 0x0000000682a00000, 0x0000000682a00000| Untracked 
|  17|0x0000000682b00000, 0x0000000682b00000, 0x0000000682c00000|  0%| F|  |TAMS 0x0000000682b00000, 0x0000000682b00000| Untracked 
|  18|0x0000000682c00000, 0x0000000682c00000, 0x0000000682d00000|  0%| F|  |TAMS 0x0000000682c00000, 0x0000000682c00000| Untracked 
|  19|0x0000000682d00000, 0x0000000682d00000, 0x0000000682e00000|  0%| F|  |TAMS 0x0000000682d00000, 0x0000000682d00000| Untracked 
|  20|0x0000000682e00000, 0x0000000682e00000, 0x0000000682f00000|  0%| F|  |TAMS 0x0000000682e00000, 0x0000000682e00000| Untracked 
|  21|0x0000000682f00000, 0x0000000682f00000, 0x0000000683000000|  0%| F|  |TAMS 0x0000000682f00000, 0x0000000682f00000| Untracked 
|  22|0x0000000683000000, 0x0000000683000000, 0x0000000683100000|  0%| F|  |TAMS 0x0000000683000000, 0x0000000683000000| Untracked 
|  23|0x0000000683100000, 0x0000000683100000, 0x0000000683200000|  0%| F|  |TAMS 0x0000000683100000, 0x0000000683100000| Untracked 
|  24|0x0000000683200000, 0x0000000683200000, 0x0000000683300000|  0%| F|  |TAMS 0x0000000683200000, 0x0000000683200000| Untracked 
|  25|0x0000000683300000, 0x0000000683300000, 0x0000000683400000|  0%| F|  |TAMS 0x0000000683300000, 0x0000000683300000| Untracked 
|  26|0x0000000683400000, 0x0000000683400000, 0x0000000683500000|  0%| F|  |TAMS 0x0000000683400000, 0x0000000683400000| Untracked 
|  27|0x0000000683500000, 0x0000000683500000, 0x0000000683600000|  0%| F|  |TAMS 0x0000000683500000, 0x0000000683500000| Untracked 
|  28|0x0000000683600000, 0x0000000683600000, 0x0000000683700000|  0%| F|  |TAMS 0x0000000683600000, 0x0000000683600000| Untracked 
|  29|0x0000000683700000, 0x0000000683700000, 0x0000000683800000|  0%| F|  |TAMS 0x0000000683700000, 0x0000000683700000| Untracked 
|  30|0x0000000683800000, 0x0000000683800000, 0x0000000683900000|  0%| F|  |TAMS 0x0000000683800000, 0x0000000683800000| Untracked 
|  31|0x0000000683900000, 0x0000000683900000, 0x0000000683a00000|  0%| F|  |TAMS 0x0000000683900000, 0x0000000683900000| Untracked 
|  32|0x0000000683a00000, 0x0000000683a00000, 0x0000000683b00000|  0%| F|  |TAMS 0x0000000683a00000, 0x0000000683a00000| Untracked 
|  33|0x0000000683b00000, 0x0000000683b00000, 0x0000000683c00000|  0%| F|  |TAMS 0x0000000683b00000, 0x0000000683b00000| Untracked 
|  34|0x0000000683c00000, 0x0000000683c00000, 0x0000000683d00000|  0%| F|  |TAMS 0x0000000683c00000, 0x0000000683c00000| Untracked 
|  35|0x0000000683d00000, 0x0000000683d00000, 0x0000000683e00000|  0%| F|  |TAMS 0x0000000683d00000, 0x0000000683d00000| Untracked 
|  36|0x0000000683e00000, 0x0000000683e00000, 0x0000000683f00000|  0%| F|  |TAMS 0x0000000683e00000, 0x0000000683e00000| Untracked 
|  37|0x0000000683f00000, 0x0000000683f00000, 0x0000000684000000|  0%| F|  |TAMS 0x0000000683f00000, 0x0000000683f00000| Untracked 
|  38|0x0000000684000000, 0x0000000684000000, 0x0000000684100000|  0%| F|  |TAMS 0x0000000684000000, 0x0000000684000000| Untracked 
|  39|0x0000000684100000, 0x0000000684100000, 0x0000000684200000|  0%| F|  |TAMS 0x0000000684100000, 0x0000000684100000| Untracked 
|  40|0x0000000684200000, 0x0000000684200000, 0x0000000684300000|  0%| F|  |TAMS 0x0000000684200000, 0x0000000684200000| Untracked 
|  41|0x0000000684300000, 0x0000000684300000, 0x0000000684400000|  0%| F|  |TAMS 0x0000000684300000, 0x0000000684300000| Untracked 
|  42|0x0000000684400000, 0x0000000684400000, 0x0000000684500000|  0%| F|  |TAMS 0x0000000684400000, 0x0000000684400000| Untracked 
|  43|0x0000000684500000, 0x0000000684500000, 0x0000000684600000|  0%| F|  |TAMS 0x0000000684500000, 0x0000000684500000| Untracked 
|  44|0x0000000684600000, 0x0000000684600000, 0x0000000684700000|  0%| F|  |TAMS 0x0000000684600000, 0x0000000684600000| Untracked 
|  45|0x0000000684700000, 0x0000000684700000, 0x0000000684800000|  0%| F|  |TAMS 0x0000000684700000, 0x0000000684700000| Untracked 
|  46|0x0000000684800000, 0x0000000684800000, 0x0000000684900000|  0%| F|  |TAMS 0x0000000684800000, 0x0000000684800000| Untracked 
|  47|0x0000000684900000, 0x0000000684900000, 0x0000000684a00000|  0%| F|  |TAMS 0x0000000684900000, 0x0000000684900000| Untracked 
|  48|0x0000000684a00000, 0x0000000684a00000, 0x0000000684b00000|  0%| F|  |TAMS 0x0000000684a00000, 0x0000000684a00000| Untracked 
|  49|0x0000000684b00000, 0x0000000684b00000, 0x0000000684c00000|  0%| F|  |TAMS 0x0000000684b00000, 0x0000000684b00000| Untracked 
|  50|0x0000000684c00000, 0x0000000684c00000, 0x0000000684d00000|  0%| F|  |TAMS 0x0000000684c00000, 0x0000000684c00000| Untracked 
|  51|0x0000000684d00000, 0x0000000684d00000, 0x0000000684e00000|  0%| F|  |TAMS 0x0000000684d00000, 0x0000000684d00000| Untracked 
|  52|0x0000000684e00000, 0x0000000684e00000, 0x0000000684f00000|  0%| F|  |TAMS 0x0000000684e00000, 0x0000000684e00000| Untracked 
|  53|0x0000000684f00000, 0x0000000684f00000, 0x0000000685000000|  0%| F|  |TAMS 0x0000000684f00000, 0x0000000684f00000| Untracked 
|  54|0x0000000685000000, 0x0000000685000000, 0x0000000685100000|  0%| F|  |TAMS 0x0000000685000000, 0x0000000685000000| Untracked 
|  55|0x0000000685100000, 0x0000000685100000, 0x0000000685200000|  0%| F|  |TAMS 0x0000000685100000, 0x0000000685100000| Untracked 
|  56|0x0000000685200000, 0x0000000685200000, 0x0000000685300000|  0%| F|  |TAMS 0x0000000685200000, 0x0000000685200000| Untracked 
|  57|0x0000000685300000, 0x0000000685300000, 0x0000000685400000|  0%| F|  |TAMS 0x0000000685300000, 0x0000000685300000| Untracked 
|  58|0x0000000685400000, 0x0000000685400000, 0x0000000685500000|  0%| F|  |TAMS 0x0000000685400000, 0x0000000685400000| Untracked 
|  59|0x0000000685500000, 0x0000000685500000, 0x0000000685600000|  0%| F|  |TAMS 0x0000000685500000, 0x0000000685500000| Untracked 
|  60|0x0000000685600000, 0x0000000685600000, 0x0000000685700000|  0%| F|  |TAMS 0x0000000685600000, 0x0000000685600000| Untracked 
|  61|0x0000000685700000, 0x0000000685700000, 0x0000000685800000|  0%| F|  |TAMS 0x0000000685700000, 0x0000000685700000| Untracked 
|  62|0x0000000685800000, 0x0000000685800000, 0x0000000685900000|  0%| F|  |TAMS 0x0000000685800000, 0x0000000685800000| Untracked 
|  63|0x0000000685900000, 0x0000000685900000, 0x0000000685a00000|  0%| F|  |TAMS 0x0000000685900000, 0x0000000685900000| Untracked 
|  64|0x0000000685a00000, 0x0000000685a00000, 0x0000000685b00000|  0%| F|  |TAMS 0x0000000685a00000, 0x0000000685a00000| Untracked 
|  65|0x0000000685b00000, 0x0000000685b00000, 0x0000000685c00000|  0%| F|  |TAMS 0x0000000685b00000, 0x0000000685b00000| Untracked 
|  66|0x0000000685c00000, 0x0000000685c00000, 0x0000000685d00000|  0%| F|  |TAMS 0x0000000685c00000, 0x0000000685c00000| Untracked 
|  67|0x0000000685d00000, 0x0000000685d00000, 0x0000000685e00000|  0%| F|  |TAMS 0x0000000685d00000, 0x0000000685d00000| Untracked 
|  68|0x0000000685e00000, 0x0000000685e00000, 0x0000000685f00000|  0%| F|  |TAMS 0x0000000685e00000, 0x0000000685e00000| Untracked 
|  69|0x0000000685f00000, 0x0000000685f00000, 0x0000000686000000|  0%| F|  |TAMS 0x0000000685f00000, 0x0000000685f00000| Untracked 
|  70|0x0000000686000000, 0x0000000686000000, 0x0000000686100000|  0%| F|  |TAMS 0x0000000686000000, 0x0000000686000000| Untracked 
|  71|0x0000000686100000, 0x0000000686100000, 0x0000000686200000|  0%| F|  |TAMS 0x0000000686100000, 0x0000000686100000| Untracked 
|  72|0x0000000686200000, 0x0000000686200000, 0x0000000686300000|  0%| F|  |TAMS 0x0000000686200000, 0x0000000686200000| Untracked 
|  73|0x0000000686300000, 0x0000000686300000, 0x0000000686400000|  0%| F|  |TAMS 0x0000000686300000, 0x0000000686300000| Untracked 
|  74|0x0000000686400000, 0x0000000686400000, 0x0000000686500000|  0%| F|  |TAMS 0x0000000686400000, 0x0000000686400000| Untracked 
|  75|0x0000000686500000, 0x0000000686500000, 0x0000000686600000|  0%| F|  |TAMS 0x0000000686500000, 0x0000000686500000| Untracked 
|  76|0x0000000686600000, 0x0000000686600000, 0x0000000686700000|  0%| F|  |TAMS 0x0000000686600000, 0x0000000686600000| Untracked 
|  77|0x0000000686700000, 0x0000000686700000, 0x0000000686800000|  0%| F|  |TAMS 0x0000000686700000, 0x0000000686700000| Untracked 
|  78|0x0000000686800000, 0x0000000686800000, 0x0000000686900000|  0%| F|  |TAMS 0x0000000686800000, 0x0000000686800000| Untracked 
|  79|0x0000000686900000, 0x0000000686900000, 0x0000000686a00000|  0%| F|  |TAMS 0x0000000686900000, 0x0000000686900000| Untracked 
|  80|0x0000000686a00000, 0x0000000686a00000, 0x0000000686b00000|  0%| F|  |TAMS 0x0000000686a00000, 0x0000000686a00000| Untracked 
|  81|0x0000000686b00000, 0x0000000686b00000, 0x0000000686c00000|  0%| F|  |TAMS 0x0000000686b00000, 0x0000000686b00000| Untracked 
|  82|0x0000000686c00000, 0x0000000686c00000, 0x0000000686d00000|  0%| F|  |TAMS 0x0000000686c00000, 0x0000000686c00000| Untracked 
|  83|0x0000000686d00000, 0x0000000686d00000, 0x0000000686e00000|  0%| F|  |TAMS 0x0000000686d00000, 0x0000000686d00000| Untracked 
|  84|0x0000000686e00000, 0x0000000686e00000, 0x0000000686f00000|  0%| F|  |TAMS 0x0000000686e00000, 0x0000000686e00000| Untracked 
|  85|0x0000000686f00000, 0x0000000686f00000, 0x0000000687000000|  0%| F|  |TAMS 0x0000000686f00000, 0x0000000686f00000| Untracked 
|  86|0x0000000687000000, 0x0000000687000000, 0x0000000687100000|  0%| F|  |TAMS 0x0000000687000000, 0x0000000687000000| Untracked 
|  87|0x0000000687100000, 0x0000000687100000, 0x0000000687200000|  0%| F|  |TAMS 0x0000000687100000, 0x0000000687100000| Untracked 
|  88|0x0000000687200000, 0x0000000687200000, 0x0000000687300000|  0%| F|  |TAMS 0x0000000687200000, 0x0000000687200000| Untracked 
|  89|0x0000000687300000, 0x0000000687300000, 0x0000000687400000|  0%| F|  |TAMS 0x0000000687300000, 0x0000000687300000| Untracked 
|  90|0x0000000687400000, 0x0000000687400000, 0x0000000687500000|  0%| F|  |TAMS 0x0000000687400000, 0x0000000687400000| Untracked 
|  91|0x0000000687500000, 0x0000000687500000, 0x0000000687600000|  0%| F|  |TAMS 0x0000000687500000, 0x0000000687500000| Untracked 
|  92|0x0000000687600000, 0x0000000687600000, 0x0000000687700000|  0%| F|  |TAMS 0x0000000687600000, 0x0000000687600000| Untracked 
|  93|0x0000000687700000, 0x0000000687700000, 0x0000000687800000|  0%| F|  |TAMS 0x0000000687700000, 0x0000000687700000| Untracked 
|  94|0x0000000687800000, 0x0000000687800000, 0x0000000687900000|  0%| F|  |TAMS 0x0000000687800000, 0x0000000687800000| Untracked 
|  95|0x0000000687900000, 0x0000000687900000, 0x0000000687a00000|  0%| F|  |TAMS 0x0000000687900000, 0x0000000687900000| Untracked 
|  96|0x0000000687a00000, 0x0000000687a00000, 0x0000000687b00000|  0%| F|  |TAMS 0x0000000687a00000, 0x0000000687a00000| Untracked 
|  97|0x0000000687b00000, 0x0000000687b00000, 0x0000000687c00000|  0%| F|  |TAMS 0x0000000687b00000, 0x0000000687b00000| Untracked 
|  98|0x0000000687c00000, 0x0000000687c00000, 0x0000000687d00000|  0%| F|  |TAMS 0x0000000687c00000, 0x0000000687c00000| Untracked 
|  99|0x0000000687d00000, 0x0000000687d00000, 0x0000000687e00000|  0%| F|  |TAMS 0x0000000687d00000, 0x0000000687d00000| Untracked 
| 100|0x0000000687e00000, 0x0000000687e00000, 0x0000000687f00000|  0%| F|  |TAMS 0x0000000687e00000, 0x0000000687e00000| Untracked 
| 101|0x0000000687f00000, 0x0000000687f00000, 0x0000000688000000|  0%| F|  |TAMS 0x0000000687f00000, 0x0000000687f00000| Untracked 
| 102|0x0000000688000000, 0x0000000688000000, 0x0000000688100000|  0%| F|  |TAMS 0x0000000688000000, 0x0000000688000000| Untracked 
| 103|0x0000000688100000, 0x0000000688100000, 0x0000000688200000|  0%| F|  |TAMS 0x0000000688100000, 0x0000000688100000| Untracked 
| 104|0x0000000688200000, 0x0000000688200000, 0x0000000688300000|  0%| F|  |TAMS 0x0000000688200000, 0x0000000688200000| Untracked 
| 105|0x0000000688300000, 0x0000000688300000, 0x0000000688400000|  0%| F|  |TAMS 0x0000000688300000, 0x0000000688300000| Untracked 
| 106|0x0000000688400000, 0x0000000688400000, 0x0000000688500000|  0%| F|  |TAMS 0x0000000688400000, 0x0000000688400000| Untracked 
| 107|0x0000000688500000, 0x0000000688500000, 0x0000000688600000|  0%| F|  |TAMS 0x0000000688500000, 0x0000000688500000| Untracked 
| 108|0x0000000688600000, 0x0000000688600000, 0x0000000688700000|  0%| F|  |TAMS 0x0000000688600000, 0x0000000688600000| Untracked 
| 109|0x0000000688700000, 0x0000000688700000, 0x0000000688800000|  0%| F|  |TAMS 0x0000000688700000, 0x0000000688700000| Untracked 
| 110|0x0000000688800000, 0x0000000688800000, 0x0000000688900000|  0%| F|  |TAMS 0x0000000688800000, 0x0000000688800000| Untracked 
| 111|0x0000000688900000, 0x0000000688900000, 0x0000000688a00000|  0%| F|  |TAMS 0x0000000688900000, 0x0000000688900000| Untracked 
| 112|0x0000000688a00000, 0x0000000688a00000, 0x0000000688b00000|  0%| F|  |TAMS 0x0000000688a00000, 0x0000000688a00000| Untracked 
| 113|0x0000000688b00000, 0x0000000688b00000, 0x0000000688c00000|  0%| F|  |TAMS 0x0000000688b00000, 0x0000000688b00000| Untracked 
| 114|0x0000000688c00000, 0x0000000688c00000, 0x0000000688d00000|  0%| F|  |TAMS 0x0000000688c00000, 0x0000000688c00000| Untracked 
| 115|0x0000000688d00000, 0x0000000688d00000, 0x0000000688e00000|  0%| F|  |TAMS 0x0000000688d00000, 0x0000000688d00000| Untracked 
| 116|0x0000000688e00000, 0x0000000688e00000, 0x0000000688f00000|  0%| F|  |TAMS 0x0000000688e00000, 0x0000000688e00000| Untracked 
| 117|0x0000000688f00000, 0x0000000688f00000, 0x0000000689000000|  0%| F|  |TAMS 0x0000000688f00000, 0x0000000688f00000| Untracked 
| 118|0x0000000689000000, 0x0000000689000000, 0x0000000689100000|  0%| F|  |TAMS 0x0000000689000000, 0x0000000689000000| Untracked 
| 119|0x0000000689100000, 0x0000000689100000, 0x0000000689200000|  0%| F|  |TAMS 0x0000000689100000, 0x0000000689100000| Untracked 
| 120|0x0000000689200000, 0x0000000689200000, 0x0000000689300000|  0%| F|  |TAMS 0x0000000689200000, 0x0000000689200000| Untracked 
| 121|0x0000000689300000, 0x0000000689300000, 0x0000000689400000|  0%| F|  |TAMS 0x0000000689300000, 0x0000000689300000| Untracked 
| 122|0x0000000689400000, 0x0000000689400000, 0x0000000689500000|  0%| F|  |TAMS 0x0000000689400000, 0x0000000689400000| Untracked 
| 123|0x0000000689500000, 0x0000000689500000, 0x0000000689600000|  0%| F|  |TAMS 0x0000000689500000, 0x0000000689500000| Untracked 
| 124|0x0000000689600000, 0x0000000689600000, 0x0000000689700000|  0%| F|  |TAMS 0x0000000689600000, 0x0000000689600000| Untracked 
| 125|0x0000000689700000, 0x0000000689700000, 0x0000000689800000|  0%| F|  |TAMS 0x0000000689700000, 0x0000000689700000| Untracked 
| 126|0x0000000689800000, 0x0000000689800000, 0x0000000689900000|  0%| F|  |TAMS 0x0000000689800000, 0x0000000689800000| Untracked 
| 127|0x0000000689900000, 0x0000000689900000, 0x0000000689a00000|  0%| F|  |TAMS 0x0000000689900000, 0x0000000689900000| Untracked 
| 128|0x0000000689a00000, 0x0000000689a00000, 0x0000000689b00000|  0%| F|  |TAMS 0x0000000689a00000, 0x0000000689a00000| Untracked 
| 129|0x0000000689b00000, 0x0000000689b00000, 0x0000000689c00000|  0%| F|  |TAMS 0x0000000689b00000, 0x0000000689b00000| Untracked 
| 130|0x0000000689c00000, 0x0000000689c00000, 0x0000000689d00000|  0%| F|  |TAMS 0x0000000689c00000, 0x0000000689c00000| Untracked 
| 131|0x0000000689d00000, 0x0000000689d00000, 0x0000000689e00000|  0%| F|  |TAMS 0x0000000689d00000, 0x0000000689d00000| Untracked 
| 132|0x0000000689e00000, 0x0000000689e00000, 0x0000000689f00000|  0%| F|  |TAMS 0x0000000689e00000, 0x0000000689e00000| Untracked 
| 133|0x0000000689f00000, 0x0000000689f00000, 0x000000068a000000|  0%| F|  |TAMS 0x0000000689f00000, 0x0000000689f00000| Untracked 
| 134|0x000000068a000000, 0x000000068a000000, 0x000000068a100000|  0%| F|  |TAMS 0x000000068a000000, 0x000000068a000000| Untracked 
| 135|0x000000068a100000, 0x000000068a100000, 0x000000068a200000|  0%| F|  |TAMS 0x000000068a100000, 0x000000068a100000| Untracked 
| 136|0x000000068a200000, 0x000000068a200000, 0x000000068a300000|  0%| F|  |TAMS 0x000000068a200000, 0x000000068a200000| Untracked 
| 137|0x000000068a300000, 0x000000068a300000, 0x000000068a400000|  0%| F|  |TAMS 0x000000068a300000, 0x000000068a300000| Untracked 
| 138|0x000000068a400000, 0x000000068a400000, 0x000000068a500000|  0%| F|  |TAMS 0x000000068a400000, 0x000000068a400000| Untracked 
| 139|0x000000068a500000, 0x000000068a500000, 0x000000068a600000|  0%| F|  |TAMS 0x000000068a500000, 0x000000068a500000| Untracked 
| 140|0x000000068a600000, 0x000000068a600000, 0x000000068a700000|  0%| F|  |TAMS 0x000000068a600000, 0x000000068a600000| Untracked 
| 141|0x000000068a700000, 0x000000068a700000, 0x000000068a800000|  0%| F|  |TAMS 0x000000068a700000, 0x000000068a700000| Untracked 
| 142|0x000000068a800000, 0x000000068a800000, 0x000000068a900000|  0%| F|  |TAMS 0x000000068a800000, 0x000000068a800000| Untracked 
| 143|0x000000068a900000, 0x000000068a900000, 0x000000068aa00000|  0%| F|  |TAMS 0x000000068a900000, 0x000000068a900000| Untracked 
| 144|0x000000068aa00000, 0x000000068aa00000, 0x000000068ab00000|  0%| F|  |TAMS 0x000000068aa00000, 0x000000068aa00000| Untracked 
| 145|0x000000068ab00000, 0x000000068ab00000, 0x000000068ac00000|  0%| F|  |TAMS 0x000000068ab00000, 0x000000068ab00000| Untracked 
| 146|0x000000068ac00000, 0x000000068ac00000, 0x000000068ad00000|  0%| F|  |TAMS 0x000000068ac00000, 0x000000068ac00000| Untracked 
| 147|0x000000068ad00000, 0x000000068ad00000, 0x000000068ae00000|  0%| F|  |TAMS 0x000000068ad00000, 0x000000068ad00000| Untracked 
| 148|0x000000068ae00000, 0x000000068ae00000, 0x000000068af00000|  0%| F|  |TAMS 0x000000068ae00000, 0x000000068ae00000| Untracked 
| 149|0x000000068af00000, 0x000000068af00000, 0x000000068b000000|  0%| F|  |TAMS 0x000000068af00000, 0x000000068af00000| Untracked 
| 150|0x000000068b000000, 0x000000068b000000, 0x000000068b100000|  0%| F|  |TAMS 0x000000068b000000, 0x000000068b000000| Untracked 
| 151|0x000000068b100000, 0x000000068b100000, 0x000000068b200000|  0%| F|  |TAMS 0x000000068b100000, 0x000000068b100000| Untracked 
| 152|0x000000068b200000, 0x000000068b200000, 0x000000068b300000|  0%| F|  |TAMS 0x000000068b200000, 0x000000068b200000| Untracked 
| 153|0x000000068b300000, 0x000000068b300000, 0x000000068b400000|  0%| F|  |TAMS 0x000000068b300000, 0x000000068b300000| Untracked 
| 154|0x000000068b400000, 0x000000068b400000, 0x000000068b500000|  0%| F|  |TAMS 0x000000068b400000, 0x000000068b400000| Untracked 
| 155|0x000000068b500000, 0x000000068b500000, 0x000000068b600000|  0%| F|  |TAMS 0x000000068b500000, 0x000000068b500000| Untracked 
| 156|0x000000068b600000, 0x000000068b600000, 0x000000068b700000|  0%| F|  |TAMS 0x000000068b600000, 0x000000068b600000| Untracked 
| 157|0x000000068b700000, 0x000000068b700000, 0x000000068b800000|  0%| F|  |TAMS 0x000000068b700000, 0x000000068b700000| Untracked 
| 158|0x000000068b800000, 0x000000068b800000, 0x000000068b900000|  0%| F|  |TAMS 0x000000068b800000, 0x000000068b800000| Untracked 
| 159|0x000000068b900000, 0x000000068b900000, 0x000000068ba00000|  0%| F|  |TAMS 0x000000068b900000, 0x000000068b900000| Untracked 
| 160|0x000000068ba00000, 0x000000068ba00000, 0x000000068bb00000|  0%| F|  |TAMS 0x000000068ba00000, 0x000000068ba00000| Untracked 
| 161|0x000000068bb00000, 0x000000068bb00000, 0x000000068bc00000|  0%| F|  |TAMS 0x000000068bb00000, 0x000000068bb00000| Untracked 
| 162|0x000000068bc00000, 0x000000068bc00000, 0x000000068bd00000|  0%| F|  |TAMS 0x000000068bc00000, 0x000000068bc00000| Untracked 
| 163|0x000000068bd00000, 0x000000068bd00000, 0x000000068be00000|  0%| F|  |TAMS 0x000000068bd00000, 0x000000068bd00000| Untracked 
| 164|0x000000068be00000, 0x000000068be00000, 0x000000068bf00000|  0%| F|  |TAMS 0x000000068be00000, 0x000000068be00000| Untracked 
| 165|0x000000068bf00000, 0x000000068bf00000, 0x000000068c000000|  0%| F|  |TAMS 0x000000068bf00000, 0x000000068bf00000| Untracked 
| 166|0x000000068c000000, 0x000000068c000000, 0x000000068c100000|  0%| F|  |TAMS 0x000000068c000000, 0x000000068c000000| Untracked 
| 167|0x000000068c100000, 0x000000068c100000, 0x000000068c200000|  0%| F|  |TAMS 0x000000068c100000, 0x000000068c100000| Untracked 
| 168|0x000000068c200000, 0x000000068c200000, 0x000000068c300000|  0%| F|  |TAMS 0x000000068c200000, 0x000000068c200000| Untracked 
| 169|0x000000068c300000, 0x000000068c300000, 0x000000068c400000|  0%| F|  |TAMS 0x000000068c300000, 0x000000068c300000| Untracked 
| 170|0x000000068c400000, 0x000000068c400000, 0x000000068c500000|  0%| F|  |TAMS 0x000000068c400000, 0x000000068c400000| Untracked 
| 171|0x000000068c500000, 0x000000068c500000, 0x000000068c600000|  0%| F|  |TAMS 0x000000068c500000, 0x000000068c500000| Untracked 
| 172|0x000000068c600000, 0x000000068c600000, 0x000000068c700000|  0%| F|  |TAMS 0x000000068c600000, 0x000000068c600000| Untracked 
| 173|0x000000068c700000, 0x000000068c700000, 0x000000068c800000|  0%| F|  |TAMS 0x000000068c700000, 0x000000068c700000| Untracked 
| 174|0x000000068c800000, 0x000000068c800000, 0x000000068c900000|  0%| F|  |TAMS 0x000000068c800000, 0x000000068c800000| Untracked 
| 175|0x000000068c900000, 0x000000068c900000, 0x000000068ca00000|  0%| F|  |TAMS 0x000000068c900000, 0x000000068c900000| Untracked 
| 176|0x000000068ca00000, 0x000000068ca00000, 0x000000068cb00000|  0%| F|  |TAMS 0x000000068ca00000, 0x000000068ca00000| Untracked 
| 177|0x000000068cb00000, 0x000000068cb00000, 0x000000068cc00000|  0%| F|  |TAMS 0x000000068cb00000, 0x000000068cb00000| Untracked 
| 178|0x000000068cc00000, 0x000000068cc00000, 0x000000068cd00000|  0%| F|  |TAMS 0x000000068cc00000, 0x000000068cc00000| Untracked 
| 179|0x000000068cd00000, 0x000000068cd00000, 0x000000068ce00000|  0%| F|  |TAMS 0x000000068cd00000, 0x000000068cd00000| Untracked 
| 180|0x000000068ce00000, 0x000000068ce00000, 0x000000068cf00000|  0%| F|  |TAMS 0x000000068ce00000, 0x000000068ce00000| Untracked 
| 181|0x000000068cf00000, 0x000000068cf00000, 0x000000068d000000|  0%| F|  |TAMS 0x000000068cf00000, 0x000000068cf00000| Untracked 
| 182|0x000000068d000000, 0x000000068d000000, 0x000000068d100000|  0%| F|  |TAMS 0x000000068d000000, 0x000000068d000000| Untracked 
| 183|0x000000068d100000, 0x000000068d100000, 0x000000068d200000|  0%| F|  |TAMS 0x000000068d100000, 0x000000068d100000| Untracked 
| 184|0x000000068d200000, 0x000000068d200000, 0x000000068d300000|  0%| F|  |TAMS 0x000000068d200000, 0x000000068d200000| Untracked 
| 185|0x000000068d300000, 0x000000068d300000, 0x000000068d400000|  0%| F|  |TAMS 0x000000068d300000, 0x000000068d300000| Untracked 
| 186|0x000000068d400000, 0x000000068d400000, 0x000000068d500000|  0%| F|  |TAMS 0x000000068d400000, 0x000000068d400000| Untracked 
| 187|0x000000068d500000, 0x000000068d500000, 0x000000068d600000|  0%| F|  |TAMS 0x000000068d500000, 0x000000068d500000| Untracked 
| 188|0x000000068d600000, 0x000000068d600000, 0x000000068d700000|  0%| F|  |TAMS 0x000000068d600000, 0x000000068d600000| Untracked 
| 189|0x000000068d700000, 0x000000068d700000, 0x000000068d800000|  0%| F|  |TAMS 0x000000068d700000, 0x000000068d700000| Untracked 
| 190|0x000000068d800000, 0x000000068d800000, 0x000000068d900000|  0%| F|  |TAMS 0x000000068d800000, 0x000000068d800000| Untracked 
| 191|0x000000068d900000, 0x000000068d900000, 0x000000068da00000|  0%| F|  |TAMS 0x000000068d900000, 0x000000068d900000| Untracked 
| 192|0x000000068da00000, 0x000000068da00000, 0x000000068db00000|  0%| F|  |TAMS 0x000000068da00000, 0x000000068da00000| Untracked 
| 193|0x000000068db00000, 0x000000068db00000, 0x000000068dc00000|  0%| F|  |TAMS 0x000000068db00000, 0x000000068db00000| Untracked 
| 194|0x000000068dc00000, 0x000000068dc00000, 0x000000068dd00000|  0%| F|  |TAMS 0x000000068dc00000, 0x000000068dc00000| Untracked 
| 195|0x000000068dd00000, 0x000000068dd00000, 0x000000068de00000|  0%| F|  |TAMS 0x000000068dd00000, 0x000000068dd00000| Untracked 
| 196|0x000000068de00000, 0x000000068de00000, 0x000000068df00000|  0%| F|  |TAMS 0x000000068de00000, 0x000000068de00000| Untracked 
| 197|0x000000068df00000, 0x000000068df00000, 0x000000068e000000|  0%| F|  |TAMS 0x000000068df00000, 0x000000068df00000| Untracked 
| 198|0x000000068e000000, 0x000000068e000000, 0x000000068e100000|  0%| F|  |TAMS 0x000000068e000000, 0x000000068e000000| Untracked 
| 199|0x000000068e100000, 0x000000068e100000, 0x000000068e200000|  0%| F|  |TAMS 0x000000068e100000, 0x000000068e100000| Untracked 
| 200|0x000000068e200000, 0x000000068e200000, 0x000000068e300000|  0%| F|  |TAMS 0x000000068e200000, 0x000000068e200000| Untracked 
| 201|0x000000068e300000, 0x000000068e300000, 0x000000068e400000|  0%| F|  |TAMS 0x000000068e300000, 0x000000068e300000| Untracked 
| 202|0x000000068e400000, 0x000000068e400000, 0x000000068e500000|  0%| F|  |TAMS 0x000000068e400000, 0x000000068e400000| Untracked 
| 203|0x000000068e500000, 0x000000068e500000, 0x000000068e600000|  0%| F|  |TAMS 0x000000068e500000, 0x000000068e500000| Untracked 
| 204|0x000000068e600000, 0x000000068e600000, 0x000000068e700000|  0%| F|  |TAMS 0x000000068e600000, 0x000000068e600000| Untracked 
| 205|0x000000068e700000, 0x000000068e700000, 0x000000068e800000|  0%| F|  |TAMS 0x000000068e700000, 0x000000068e700000| Untracked 
| 206|0x000000068e800000, 0x000000068e800000, 0x000000068e900000|  0%| F|  |TAMS 0x000000068e800000, 0x000000068e800000| Untracked 
| 207|0x000000068e900000, 0x000000068e900000, 0x000000068ea00000|  0%| F|  |TAMS 0x000000068e900000, 0x000000068e900000| Untracked 
| 208|0x000000068ea00000, 0x000000068ea00000, 0x000000068eb00000|  0%| F|  |TAMS 0x000000068ea00000, 0x000000068ea00000| Untracked 
| 209|0x000000068eb00000, 0x000000068eb00000, 0x000000068ec00000|  0%| F|  |TAMS 0x000000068eb00000, 0x000000068eb00000| Untracked 
| 210|0x000000068ec00000, 0x000000068ec00000, 0x000000068ed00000|  0%| F|  |TAMS 0x000000068ec00000, 0x000000068ec00000| Untracked 
| 211|0x000000068ed00000, 0x000000068ed00000, 0x000000068ee00000|  0%| F|  |TAMS 0x000000068ed00000, 0x000000068ed00000| Untracked 
| 212|0x000000068ee00000, 0x000000068ee00000, 0x000000068ef00000|  0%| F|  |TAMS 0x000000068ee00000, 0x000000068ee00000| Untracked 
| 213|0x000000068ef00000, 0x000000068ef00000, 0x000000068f000000|  0%| F|  |TAMS 0x000000068ef00000, 0x000000068ef00000| Untracked 
| 214|0x000000068f000000, 0x000000068f000000, 0x000000068f100000|  0%| F|  |TAMS 0x000000068f000000, 0x000000068f000000| Untracked 
| 215|0x000000068f100000, 0x000000068f100000, 0x000000068f200000|  0%| F|  |TAMS 0x000000068f100000, 0x000000068f100000| Untracked 
| 216|0x000000068f200000, 0x000000068f200000, 0x000000068f300000|  0%| F|  |TAMS 0x000000068f200000, 0x000000068f200000| Untracked 
| 217|0x000000068f300000, 0x000000068f300000, 0x000000068f400000|  0%| F|  |TAMS 0x000000068f300000, 0x000000068f300000| Untracked 
| 218|0x000000068f400000, 0x000000068f400000, 0x000000068f500000|  0%| F|  |TAMS 0x000000068f400000, 0x000000068f400000| Untracked 
| 219|0x000000068f500000, 0x000000068f500000, 0x000000068f600000|  0%| F|  |TAMS 0x000000068f500000, 0x000000068f500000| Untracked 
| 220|0x000000068f600000, 0x000000068f600000, 0x000000068f700000|  0%| F|  |TAMS 0x000000068f600000, 0x000000068f600000| Untracked 
| 221|0x000000068f700000, 0x000000068f700000, 0x000000068f800000|  0%| F|  |TAMS 0x000000068f700000, 0x000000068f700000| Untracked 
| 222|0x000000068f800000, 0x000000068f800000, 0x000000068f900000|  0%| F|  |TAMS 0x000000068f800000, 0x000000068f800000| Untracked 
| 223|0x000000068f900000, 0x000000068f900000, 0x000000068fa00000|  0%| F|  |TAMS 0x000000068f900000, 0x000000068f900000| Untracked 
| 224|0x000000068fa00000, 0x000000068fa00000, 0x000000068fb00000|  0%| F|  |TAMS 0x000000068fa00000, 0x000000068fa00000| Untracked 
| 225|0x000000068fb00000, 0x000000068fb00000, 0x000000068fc00000|  0%| F|  |TAMS 0x000000068fb00000, 0x000000068fb00000| Untracked 
| 226|0x000000068fc00000, 0x000000068fc00000, 0x000000068fd00000|  0%| F|  |TAMS 0x000000068fc00000, 0x000000068fc00000| Untracked 
| 227|0x000000068fd00000, 0x000000068fd00000, 0x000000068fe00000|  0%| F|  |TAMS 0x000000068fd00000, 0x000000068fd00000| Untracked 
| 228|0x000000068fe00000, 0x000000068fe00000, 0x000000068ff00000|  0%| F|  |TAMS 0x000000068fe00000, 0x000000068fe00000| Untracked 
| 229|0x000000068ff00000, 0x000000068ff00000, 0x0000000690000000|  0%| F|  |TAMS 0x000000068ff00000, 0x000000068ff00000| Untracked 
| 230|0x0000000690000000, 0x0000000690000000, 0x0000000690100000|  0%| F|  |TAMS 0x0000000690000000, 0x0000000690000000| Untracked 
| 231|0x0000000690100000, 0x0000000690100000, 0x0000000690200000|  0%| F|  |TAMS 0x0000000690100000, 0x0000000690100000| Untracked 
| 232|0x0000000690200000, 0x0000000690200000, 0x0000000690300000|  0%| F|  |TAMS 0x0000000690200000, 0x0000000690200000| Untracked 
| 233|0x0000000690300000, 0x0000000690300000, 0x0000000690400000|  0%| F|  |TAMS 0x0000000690300000, 0x0000000690300000| Untracked 
| 234|0x0000000690400000, 0x0000000690400000, 0x0000000690500000|  0%| F|  |TAMS 0x0000000690400000, 0x0000000690400000| Untracked 
| 235|0x0000000690500000, 0x0000000690500000, 0x0000000690600000|  0%| F|  |TAMS 0x0000000690500000, 0x0000000690500000| Untracked 
| 236|0x0000000690600000, 0x0000000690600000, 0x0000000690700000|  0%| F|  |TAMS 0x0000000690600000, 0x0000000690600000| Untracked 
| 237|0x0000000690700000, 0x0000000690700000, 0x0000000690800000|  0%| F|  |TAMS 0x0000000690700000, 0x0000000690700000| Untracked 
| 238|0x0000000690800000, 0x0000000690800000, 0x0000000690900000|  0%| F|  |TAMS 0x0000000690800000, 0x0000000690800000| Untracked 
| 239|0x0000000690900000, 0x0000000690900000, 0x0000000690a00000|  0%| F|  |TAMS 0x0000000690900000, 0x0000000690900000| Untracked 
| 240|0x0000000690a00000, 0x0000000690a00000, 0x0000000690b00000|  0%| F|  |TAMS 0x0000000690a00000, 0x0000000690a00000| Untracked 
| 241|0x0000000690b00000, 0x0000000690b00000, 0x0000000690c00000|  0%| F|  |TAMS 0x0000000690b00000, 0x0000000690b00000| Untracked 
| 242|0x0000000690c00000, 0x0000000690c00000, 0x0000000690d00000|  0%| F|  |TAMS 0x0000000690c00000, 0x0000000690c00000| Untracked 
| 243|0x0000000690d00000, 0x0000000690d00000, 0x0000000690e00000|  0%| F|  |TAMS 0x0000000690d00000, 0x0000000690d00000| Untracked 
| 244|0x0000000690e00000, 0x0000000690e00000, 0x0000000690f00000|  0%| F|  |TAMS 0x0000000690e00000, 0x0000000690e00000| Untracked 
| 245|0x0000000690f00000, 0x0000000690f00000, 0x0000000691000000|  0%| F|  |TAMS 0x0000000690f00000, 0x0000000690f00000| Untracked 
| 246|0x0000000691000000, 0x0000000691000000, 0x0000000691100000|  0%| F|  |TAMS 0x0000000691000000, 0x0000000691000000| Untracked 
| 247|0x0000000691100000, 0x0000000691100000, 0x0000000691200000|  0%| F|  |TAMS 0x0000000691100000, 0x0000000691100000| Untracked 
| 248|0x0000000691200000, 0x0000000691200000, 0x0000000691300000|  0%| F|  |TAMS 0x0000000691200000, 0x0000000691200000| Untracked 
| 249|0x0000000691300000, 0x0000000691300000, 0x0000000691400000|  0%| F|  |TAMS 0x0000000691300000, 0x0000000691300000| Untracked 
| 250|0x0000000691400000, 0x0000000691400000, 0x0000000691500000|  0%| F|  |TAMS 0x0000000691400000, 0x0000000691400000| Untracked 
| 251|0x0000000691500000, 0x0000000691500000, 0x0000000691600000|  0%| F|  |TAMS 0x0000000691500000, 0x0000000691500000| Untracked 
| 252|0x0000000691600000, 0x0000000691600000, 0x0000000691700000|  0%| F|  |TAMS 0x0000000691600000, 0x0000000691600000| Untracked 
| 253|0x0000000691700000, 0x0000000691700000, 0x0000000691800000|  0%| F|  |TAMS 0x0000000691700000, 0x0000000691700000| Untracked 
| 254|0x0000000691800000, 0x0000000691800000, 0x0000000691900000|  0%| F|  |TAMS 0x0000000691800000, 0x0000000691800000| Untracked 
| 255|0x0000000691900000, 0x0000000691900000, 0x0000000691a00000|  0%| F|  |TAMS 0x0000000691900000, 0x0000000691900000| Untracked 
| 256|0x0000000691a00000, 0x0000000691a00000, 0x0000000691b00000|  0%| F|  |TAMS 0x0000000691a00000, 0x0000000691a00000| Untracked 
| 257|0x0000000691b00000, 0x0000000691b00000, 0x0000000691c00000|  0%| F|  |TAMS 0x0000000691b00000, 0x0000000691b00000| Untracked 
| 258|0x0000000691c00000, 0x0000000691c00000, 0x0000000691d00000|  0%| F|  |TAMS 0x0000000691c00000, 0x0000000691c00000| Untracked 
| 259|0x0000000691d00000, 0x0000000691d00000, 0x0000000691e00000|  0%| F|  |TAMS 0x0000000691d00000, 0x0000000691d00000| Untracked 
| 260|0x0000000691e00000, 0x0000000691e00000, 0x0000000691f00000|  0%| F|  |TAMS 0x0000000691e00000, 0x0000000691e00000| Untracked 
| 261|0x0000000691f00000, 0x0000000691f00000, 0x0000000692000000|  0%| F|  |TAMS 0x0000000691f00000, 0x0000000691f00000| Untracked 
| 262|0x0000000692000000, 0x0000000692000000, 0x0000000692100000|  0%| F|  |TAMS 0x0000000692000000, 0x0000000692000000| Untracked 
| 263|0x0000000692100000, 0x0000000692100000, 0x0000000692200000|  0%| F|  |TAMS 0x0000000692100000, 0x0000000692100000| Untracked 
| 264|0x0000000692200000, 0x0000000692200000, 0x0000000692300000|  0%| F|  |TAMS 0x0000000692200000, 0x0000000692200000| Untracked 
| 265|0x0000000692300000, 0x0000000692300000, 0x0000000692400000|  0%| F|  |TAMS 0x0000000692300000, 0x0000000692300000| Untracked 
| 266|0x0000000692400000, 0x0000000692400000, 0x0000000692500000|  0%| F|  |TAMS 0x0000000692400000, 0x0000000692400000| Untracked 
| 267|0x0000000692500000, 0x0000000692500000, 0x0000000692600000|  0%| F|  |TAMS 0x0000000692500000, 0x0000000692500000| Untracked 
| 268|0x0000000692600000, 0x0000000692600000, 0x0000000692700000|  0%| F|  |TAMS 0x0000000692600000, 0x0000000692600000| Untracked 
| 269|0x0000000692700000, 0x0000000692700000, 0x0000000692800000|  0%| F|  |TAMS 0x0000000692700000, 0x0000000692700000| Untracked 
| 270|0x0000000692800000, 0x0000000692800000, 0x0000000692900000|  0%| F|  |TAMS 0x0000000692800000, 0x0000000692800000| Untracked 
| 271|0x0000000692900000, 0x0000000692900000, 0x0000000692a00000|  0%| F|  |TAMS 0x0000000692900000, 0x0000000692900000| Untracked 
| 272|0x0000000692a00000, 0x0000000692a00000, 0x0000000692b00000|  0%| F|  |TAMS 0x0000000692a00000, 0x0000000692a00000| Untracked 
| 273|0x0000000692b00000, 0x0000000692b00000, 0x0000000692c00000|  0%| F|  |TAMS 0x0000000692b00000, 0x0000000692b00000| Untracked 
| 274|0x0000000692c00000, 0x0000000692c00000, 0x0000000692d00000|  0%| F|  |TAMS 0x0000000692c00000, 0x0000000692c00000| Untracked 
| 275|0x0000000692d00000, 0x0000000692d00000, 0x0000000692e00000|  0%| F|  |TAMS 0x0000000692d00000, 0x0000000692d00000| Untracked 
| 276|0x0000000692e00000, 0x0000000692e00000, 0x0000000692f00000|  0%| F|  |TAMS 0x0000000692e00000, 0x0000000692e00000| Untracked 
| 277|0x0000000692f00000, 0x0000000692f00000, 0x0000000693000000|  0%| F|  |TAMS 0x0000000692f00000, 0x0000000692f00000| Untracked 
| 278|0x0000000693000000, 0x0000000693000000, 0x0000000693100000|  0%| F|  |TAMS 0x0000000693000000, 0x0000000693000000| Untracked 
| 279|0x0000000693100000, 0x0000000693100000, 0x0000000693200000|  0%| F|  |TAMS 0x0000000693100000, 0x0000000693100000| Untracked 
| 280|0x0000000693200000, 0x0000000693200000, 0x0000000693300000|  0%| F|  |TAMS 0x0000000693200000, 0x0000000693200000| Untracked 
| 281|0x0000000693300000, 0x0000000693300000, 0x0000000693400000|  0%| F|  |TAMS 0x0000000693300000, 0x0000000693300000| Untracked 
| 282|0x0000000693400000, 0x0000000693400000, 0x0000000693500000|  0%| F|  |TAMS 0x0000000693400000, 0x0000000693400000| Untracked 
| 283|0x0000000693500000, 0x0000000693500000, 0x0000000693600000|  0%| F|  |TAMS 0x0000000693500000, 0x0000000693500000| Untracked 
| 284|0x0000000693600000, 0x0000000693600000, 0x0000000693700000|  0%| F|  |TAMS 0x0000000693600000, 0x0000000693600000| Untracked 
| 285|0x0000000693700000, 0x0000000693700000, 0x0000000693800000|  0%| F|  |TAMS 0x0000000693700000, 0x0000000693700000| Untracked 
| 286|0x0000000693800000, 0x0000000693800000, 0x0000000693900000|  0%| F|  |TAMS 0x0000000693800000, 0x0000000693800000| Untracked 
| 287|0x0000000693900000, 0x0000000693900000, 0x0000000693a00000|  0%| F|  |TAMS 0x0000000693900000, 0x0000000693900000| Untracked 
| 288|0x0000000693a00000, 0x0000000693a00000, 0x0000000693b00000|  0%| F|  |TAMS 0x0000000693a00000, 0x0000000693a00000| Untracked 
| 289|0x0000000693b00000, 0x0000000693b00000, 0x0000000693c00000|  0%| F|  |TAMS 0x0000000693b00000, 0x0000000693b00000| Untracked 
| 290|0x0000000693c00000, 0x0000000693c00000, 0x0000000693d00000|  0%| F|  |TAMS 0x0000000693c00000, 0x0000000693c00000| Untracked 
| 291|0x0000000693d00000, 0x0000000693d00000, 0x0000000693e00000|  0%| F|  |TAMS 0x0000000693d00000, 0x0000000693d00000| Untracked 
| 292|0x0000000693e00000, 0x0000000693e00000, 0x0000000693f00000|  0%| F|  |TAMS 0x0000000693e00000, 0x0000000693e00000| Untracked 
| 293|0x0000000693f00000, 0x0000000693f00000, 0x0000000694000000|  0%| F|  |TAMS 0x0000000693f00000, 0x0000000693f00000| Untracked 
| 294|0x0000000694000000, 0x0000000694000000, 0x0000000694100000|  0%| F|  |TAMS 0x0000000694000000, 0x0000000694000000| Untracked 
| 295|0x0000000694100000, 0x0000000694100000, 0x0000000694200000|  0%| F|  |TAMS 0x0000000694100000, 0x0000000694100000| Untracked 
| 296|0x0000000694200000, 0x0000000694200000, 0x0000000694300000|  0%| F|  |TAMS 0x0000000694200000, 0x0000000694200000| Untracked 
| 297|0x0000000694300000, 0x0000000694300000, 0x0000000694400000|  0%| F|  |TAMS 0x0000000694300000, 0x0000000694300000| Untracked 
| 298|0x0000000694400000, 0x0000000694400000, 0x0000000694500000|  0%| F|  |TAMS 0x0000000694400000, 0x0000000694400000| Untracked 
| 299|0x0000000694500000, 0x0000000694500000, 0x0000000694600000|  0%| F|  |TAMS 0x0000000694500000, 0x0000000694500000| Untracked 
| 300|0x0000000694600000, 0x0000000694600000, 0x0000000694700000|  0%| F|  |TAMS 0x0000000694600000, 0x0000000694600000| Untracked 
| 301|0x0000000694700000, 0x0000000694700000, 0x0000000694800000|  0%| F|  |TAMS 0x0000000694700000, 0x0000000694700000| Untracked 
| 302|0x0000000694800000, 0x0000000694800000, 0x0000000694900000|  0%| F|  |TAMS 0x0000000694800000, 0x0000000694800000| Untracked 
| 303|0x0000000694900000, 0x0000000694900000, 0x0000000694a00000|  0%| F|  |TAMS 0x0000000694900000, 0x0000000694900000| Untracked 
| 304|0x0000000694a00000, 0x0000000694a00000, 0x0000000694b00000|  0%| F|  |TAMS 0x0000000694a00000, 0x0000000694a00000| Untracked 
| 305|0x0000000694b00000, 0x0000000694b00000, 0x0000000694c00000|  0%| F|  |TAMS 0x0000000694b00000, 0x0000000694b00000| Untracked 
| 306|0x0000000694c00000, 0x0000000694c00000, 0x0000000694d00000|  0%| F|  |TAMS 0x0000000694c00000, 0x0000000694c00000| Untracked 
| 307|0x0000000694d00000, 0x0000000694d00000, 0x0000000694e00000|  0%| F|  |TAMS 0x0000000694d00000, 0x0000000694d00000| Untracked 
| 308|0x0000000694e00000, 0x0000000694e00000, 0x0000000694f00000|  0%| F|  |TAMS 0x0000000694e00000, 0x0000000694e00000| Untracked 
| 309|0x0000000694f00000, 0x0000000694f00000, 0x0000000695000000|  0%| F|  |TAMS 0x0000000694f00000, 0x0000000694f00000| Untracked 
| 310|0x0000000695000000, 0x0000000695000000, 0x0000000695100000|  0%| F|  |TAMS 0x0000000695000000, 0x0000000695000000| Untracked 
| 311|0x0000000695100000, 0x0000000695100000, 0x0000000695200000|  0%| F|  |TAMS 0x0000000695100000, 0x0000000695100000| Untracked 
| 312|0x0000000695200000, 0x0000000695200000, 0x0000000695300000|  0%| F|  |TAMS 0x0000000695200000, 0x0000000695200000| Untracked 
| 313|0x0000000695300000, 0x0000000695300000, 0x0000000695400000|  0%| F|  |TAMS 0x0000000695300000, 0x0000000695300000| Untracked 
| 314|0x0000000695400000, 0x0000000695400000, 0x0000000695500000|  0%| F|  |TAMS 0x0000000695400000, 0x0000000695400000| Untracked 
| 315|0x0000000695500000, 0x0000000695500000, 0x0000000695600000|  0%| F|  |TAMS 0x0000000695500000, 0x0000000695500000| Untracked 
| 316|0x0000000695600000, 0x0000000695600000, 0x0000000695700000|  0%| F|  |TAMS 0x0000000695600000, 0x0000000695600000| Untracked 
| 317|0x0000000695700000, 0x0000000695700000, 0x0000000695800000|  0%| F|  |TAMS 0x0000000695700000, 0x0000000695700000| Untracked 
| 318|0x0000000695800000, 0x0000000695800000, 0x0000000695900000|  0%| F|  |TAMS 0x0000000695800000, 0x0000000695800000| Untracked 
| 319|0x0000000695900000, 0x0000000695900000, 0x0000000695a00000|  0%| F|  |TAMS 0x0000000695900000, 0x0000000695900000| Untracked 
| 320|0x0000000695a00000, 0x0000000695a00000, 0x0000000695b00000|  0%| F|  |TAMS 0x0000000695a00000, 0x0000000695a00000| Untracked 
| 321|0x0000000695b00000, 0x0000000695b00000, 0x0000000695c00000|  0%| F|  |TAMS 0x0000000695b00000, 0x0000000695b00000| Untracked 
| 322|0x0000000695c00000, 0x0000000695c00000, 0x0000000695d00000|  0%| F|  |TAMS 0x0000000695c00000, 0x0000000695c00000| Untracked 
| 323|0x0000000695d00000, 0x0000000695d00000, 0x0000000695e00000|  0%| F|  |TAMS 0x0000000695d00000, 0x0000000695d00000| Untracked 
| 324|0x0000000695e00000, 0x0000000695e00000, 0x0000000695f00000|  0%| F|  |TAMS 0x0000000695e00000, 0x0000000695e00000| Untracked 
| 325|0x0000000695f00000, 0x0000000695f00000, 0x0000000696000000|  0%| F|  |TAMS 0x0000000695f00000, 0x0000000695f00000| Untracked 
| 326|0x0000000696000000, 0x0000000696000000, 0x0000000696100000|  0%| F|  |TAMS 0x0000000696000000, 0x0000000696000000| Untracked 
| 327|0x0000000696100000, 0x0000000696100000, 0x0000000696200000|  0%| F|  |TAMS 0x0000000696100000, 0x0000000696100000| Untracked 
| 328|0x0000000696200000, 0x0000000696200000, 0x0000000696300000|  0%| F|  |TAMS 0x0000000696200000, 0x0000000696200000| Untracked 
| 329|0x0000000696300000, 0x0000000696300000, 0x0000000696400000|  0%| F|  |TAMS 0x0000000696300000, 0x0000000696300000| Untracked 
| 330|0x0000000696400000, 0x0000000696400000, 0x0000000696500000|  0%| F|  |TAMS 0x0000000696400000, 0x0000000696400000| Untracked 
| 331|0x0000000696500000, 0x0000000696500000, 0x0000000696600000|  0%| F|  |TAMS 0x0000000696500000, 0x0000000696500000| Untracked 
| 332|0x0000000696600000, 0x0000000696600000, 0x0000000696700000|  0%| F|  |TAMS 0x0000000696600000, 0x0000000696600000| Untracked 
| 333|0x0000000696700000, 0x0000000696700000, 0x0000000696800000|  0%| F|  |TAMS 0x0000000696700000, 0x0000000696700000| Untracked 
| 334|0x0000000696800000, 0x0000000696800000, 0x0000000696900000|  0%| F|  |TAMS 0x0000000696800000, 0x0000000696800000| Untracked 
| 335|0x0000000696900000, 0x0000000696900000, 0x0000000696a00000|  0%| F|  |TAMS 0x0000000696900000, 0x0000000696900000| Untracked 
| 336|0x0000000696a00000, 0x0000000696a00000, 0x0000000696b00000|  0%| F|  |TAMS 0x0000000696a00000, 0x0000000696a00000| Untracked 
| 337|0x0000000696b00000, 0x0000000696b00000, 0x0000000696c00000|  0%| F|  |TAMS 0x0000000696b00000, 0x0000000696b00000| Untracked 
| 338|0x0000000696c00000, 0x0000000696c00000, 0x0000000696d00000|  0%| F|  |TAMS 0x0000000696c00000, 0x0000000696c00000| Untracked 
| 339|0x0000000696d00000, 0x0000000696d00000, 0x0000000696e00000|  0%| F|  |TAMS 0x0000000696d00000, 0x0000000696d00000| Untracked 
| 340|0x0000000696e00000, 0x0000000696e00000, 0x0000000696f00000|  0%| F|  |TAMS 0x0000000696e00000, 0x0000000696e00000| Untracked 
| 341|0x0000000696f00000, 0x0000000696f00000, 0x0000000697000000|  0%| F|  |TAMS 0x0000000696f00000, 0x0000000696f00000| Untracked 
| 342|0x0000000697000000, 0x0000000697000000, 0x0000000697100000|  0%| F|  |TAMS 0x0000000697000000, 0x0000000697000000| Untracked 
| 343|0x0000000697100000, 0x0000000697100000, 0x0000000697200000|  0%| F|  |TAMS 0x0000000697100000, 0x0000000697100000| Untracked 
| 344|0x0000000697200000, 0x0000000697200000, 0x0000000697300000|  0%| F|  |TAMS 0x0000000697200000, 0x0000000697200000| Untracked 
| 345|0x0000000697300000, 0x0000000697300000, 0x0000000697400000|  0%| F|  |TAMS 0x0000000697300000, 0x0000000697300000| Untracked 
| 346|0x0000000697400000, 0x0000000697488280, 0x0000000697500000| 53%| S|CS|TAMS 0x0000000697400000, 0x0000000697400000| Complete 
| 347|0x0000000697500000, 0x0000000697600000, 0x0000000697600000|100%| S|CS|TAMS 0x0000000697500000, 0x0000000697500000| Complete 
| 348|0x0000000697600000, 0x0000000697700000, 0x0000000697700000|100%| S|CS|TAMS 0x0000000697600000, 0x0000000697600000| Complete 
| 349|0x0000000697700000, 0x0000000697800000, 0x0000000697800000|100%| S|CS|TAMS 0x0000000697700000, 0x0000000697700000| Complete 
| 350|0x0000000697800000, 0x0000000697800000, 0x0000000697900000|  0%| F|  |TAMS 0x0000000697800000, 0x0000000697800000| Untracked 
| 351|0x0000000697900000, 0x0000000697900000, 0x0000000697a00000|  0%| F|  |TAMS 0x0000000697900000, 0x0000000697900000| Untracked 
| 352|0x0000000697a00000, 0x0000000697a00000, 0x0000000697b00000|  0%| F|  |TAMS 0x0000000697a00000, 0x0000000697a00000| Untracked 
| 353|0x0000000697b00000, 0x0000000697b00000, 0x0000000697c00000|  0%| F|  |TAMS 0x0000000697b00000, 0x0000000697b00000| Untracked 
| 354|0x0000000697c00000, 0x0000000697c00000, 0x0000000697d00000|  0%| F|  |TAMS 0x0000000697c00000, 0x0000000697c00000| Untracked 
| 355|0x0000000697d00000, 0x0000000697d00000, 0x0000000697e00000|  0%| F|  |TAMS 0x0000000697d00000, 0x0000000697d00000| Untracked 
| 356|0x0000000697e00000, 0x0000000697e00000, 0x0000000697f00000|  0%| F|  |TAMS 0x0000000697e00000, 0x0000000697e00000| Untracked 
| 357|0x0000000697f00000, 0x0000000697f00000, 0x0000000698000000|  0%| F|  |TAMS 0x0000000697f00000, 0x0000000697f00000| Untracked 
| 358|0x0000000698000000, 0x0000000698000000, 0x0000000698100000|  0%| F|  |TAMS 0x0000000698000000, 0x0000000698000000| Untracked 
| 359|0x0000000698100000, 0x0000000698100000, 0x0000000698200000|  0%| F|  |TAMS 0x0000000698100000, 0x0000000698100000| Untracked 
| 360|0x0000000698200000, 0x0000000698200000, 0x0000000698300000|  0%| F|  |TAMS 0x0000000698200000, 0x0000000698200000| Untracked 
| 361|0x0000000698300000, 0x0000000698300000, 0x0000000698400000|  0%| F|  |TAMS 0x0000000698300000, 0x0000000698300000| Untracked 
| 362|0x0000000698400000, 0x0000000698400000, 0x0000000698500000|  0%| F|  |TAMS 0x0000000698400000, 0x0000000698400000| Untracked 
| 363|0x0000000698500000, 0x0000000698500000, 0x0000000698600000|  0%| F|  |TAMS 0x0000000698500000, 0x0000000698500000| Untracked 
| 364|0x0000000698600000, 0x0000000698600000, 0x0000000698700000|  0%| F|  |TAMS 0x0000000698600000, 0x0000000698600000| Untracked 
| 365|0x0000000698700000, 0x0000000698700000, 0x0000000698800000|  0%| F|  |TAMS 0x0000000698700000, 0x0000000698700000| Untracked 
| 366|0x0000000698800000, 0x0000000698800000, 0x0000000698900000|  0%| F|  |TAMS 0x0000000698800000, 0x0000000698800000| Untracked 
| 367|0x0000000698900000, 0x0000000698900000, 0x0000000698a00000|  0%| F|  |TAMS 0x0000000698900000, 0x0000000698900000| Untracked 
| 368|0x0000000698a00000, 0x0000000698a00000, 0x0000000698b00000|  0%| F|  |TAMS 0x0000000698a00000, 0x0000000698a00000| Untracked 
| 369|0x0000000698b00000, 0x0000000698b00000, 0x0000000698c00000|  0%| F|  |TAMS 0x0000000698b00000, 0x0000000698b00000| Untracked 
| 370|0x0000000698c00000, 0x0000000698c00000, 0x0000000698d00000|  0%| F|  |TAMS 0x0000000698c00000, 0x0000000698c00000| Untracked 
| 371|0x0000000698d00000, 0x0000000698d00000, 0x0000000698e00000|  0%| F|  |TAMS 0x0000000698d00000, 0x0000000698d00000| Untracked 
| 372|0x0000000698e00000, 0x0000000698e00000, 0x0000000698f00000|  0%| F|  |TAMS 0x0000000698e00000, 0x0000000698e00000| Untracked 
| 373|0x0000000698f00000, 0x0000000698f00000, 0x0000000699000000|  0%| F|  |TAMS 0x0000000698f00000, 0x0000000698f00000| Untracked 
| 374|0x0000000699000000, 0x0000000699000000, 0x0000000699100000|  0%| F|  |TAMS 0x0000000699000000, 0x0000000699000000| Untracked 
| 375|0x0000000699100000, 0x0000000699100000, 0x0000000699200000|  0%| F|  |TAMS 0x0000000699100000, 0x0000000699100000| Untracked 
| 376|0x0000000699200000, 0x0000000699200000, 0x0000000699300000|  0%| F|  |TAMS 0x0000000699200000, 0x0000000699200000| Untracked 
| 377|0x0000000699300000, 0x0000000699300000, 0x0000000699400000|  0%| F|  |TAMS 0x0000000699300000, 0x0000000699300000| Untracked 
| 378|0x0000000699400000, 0x0000000699400800, 0x0000000699500000|  0%| E|  |TAMS 0x0000000699400000, 0x0000000699400000| Complete 
| 379|0x0000000699500000, 0x0000000699600000, 0x0000000699600000|100%| E|CS|TAMS 0x0000000699500000, 0x0000000699500000| Complete 
| 380|0x0000000699600000, 0x0000000699700000, 0x0000000699700000|100%| E|CS|TAMS 0x0000000699600000, 0x0000000699600000| Complete 
| 381|0x0000000699700000, 0x0000000699800000, 0x0000000699800000|100%| E|CS|TAMS 0x0000000699700000, 0x0000000699700000| Complete 
| 382|0x0000000699800000, 0x0000000699900000, 0x0000000699900000|100%| E|CS|TAMS 0x0000000699800000, 0x0000000699800000| Complete 
| 383|0x0000000699900000, 0x0000000699a00000, 0x0000000699a00000|100%| E|CS|TAMS 0x0000000699900000, 0x0000000699900000| Complete 

Card table byte_map: [0x000002a7d6040000,0x000002a7d6c40000] _byte_map_base: 0x000002a7d2c33000

Marking Bits (Prev, Next): (CMBitMap*) 0x000002a7bd9f4e48, (CMBitMap*) 0x000002a7bd9f4e88
 Prev Bits: [0x000002a7d7840000, 0x000002a7dd7d8000)
 Next Bits: [0x000002a7dd7e0000, 0x000002a7e3778000)

Polling page: 0x000002a7bb920000

Metaspace:

Usage:
  Non-class:     13.35 MB capacity,    12.66 MB ( 95%) used,   647.62 KB (  5%) free+waste,    65.56 KB ( <1%) overhead. 
      Class:      2.42 MB capacity,     2.14 MB ( 88%) used,   257.38 KB ( 10%) free+waste,    35.75 KB (  1%) overhead. 
       Both:     15.77 MB capacity,    14.79 MB ( 94%) used,   904.99 KB (  6%) free+waste,   101.31 KB ( <1%) overhead. 

Virtual space:
  Non-class space:       14.00 MB reserved,      13.50 MB ( 96%) committed 
      Class space:        1.00 GB reserved,       2.50 MB ( <1%) committed 
             Both:        1.01 GB reserved,      16.00 MB (  2%) committed 

Chunk freelists:
   Non-Class:  23.00 KB
       Class:  16.00 KB
        Both:  39.00 KB

MaxMetaspaceSize: 17179869184.00 GB
CompressedClassSpaceSize: 1.00 GB

CodeHeap 'non-profiled nmethods': size=120000Kb used=935Kb max_used=935Kb free=119064Kb
 bounds [0x000002a7cdbd0000, 0x000002a7cde40000, 0x000002a7d5100000]
CodeHeap 'profiled nmethods': size=120000Kb used=4383Kb max_used=4383Kb free=115617Kb
 bounds [0x000002a7c66a0000, 0x000002a7c6af0000, 0x000002a7cdbd0000]
CodeHeap 'non-nmethods': size=5760Kb used=1432Kb max_used=1521Kb free=4328Kb
 bounds [0x000002a7c6100000, 0x000002a7c6370000, 0x000002a7c66a0000]
 total_blobs=3098 nmethods=2342 adapters=668
 compilation: enabled
              stopped_count=0, restarted_count=0
 full_count=0

Compilation events (20 events):
Event: 8.476 Thread 0x000002a7e653b800 nmethod 2335 0x000002a7cdcb0b90 code [0x000002a7cdcb0d20, 0x000002a7cdcb0df8]
Event: 8.476 Thread 0x000002a7e653b800 2336       3       com.sun.prism.impl.BaseGraphics::isAlphaTestShader (26 bytes)
Event: 8.476 Thread 0x000002a7e653b800 nmethod 2336 0x000002a7c6ae0810 code [0x000002a7c6ae09a0, 0x000002a7c6ae0cb8]
Event: 8.476 Thread 0x000002a7e653b800 2338   !   3       java.nio.DirectByteBuffer::put (35 bytes)
Event: 8.477 Thread 0x000002a7e653b800 nmethod 2338 0x000002a7c6ae0d90 code [0x000002a7c6ae0f80, 0x000002a7c6ae1478]
Event: 8.477 Thread 0x000002a7e653b800 2339       3       com.sun.prism.impl.ps.BaseShaderContext::updatePerVertexColor (38 bytes)
Event: 8.477 Thread 0x000002a7e653b800 nmethod 2339 0x000002a7c6ae1710 code [0x000002a7c6ae1900, 0x000002a7c6ae1e28]
Event: 8.477 Thread 0x000002a7e653b800 2340       3       com.sun.prism.d3d.D3DContext::updateTexture (151 bytes)
Event: 8.478 Thread 0x000002a7e653b800 nmethod 2340 0x000002a7c6ae1f90 code [0x000002a7c6ae2200, 0x000002a7c6ae3058]
Event: 8.500 Thread 0x000002a7e6533000 nmethod 2317% 0x000002a7cdcb0e90 code [0x000002a7cdcb13e0, 0x000002a7cdcb5d68]
Event: 8.501 Thread 0x000002a7e6533000 2337       4       jdk.internal.misc.Unsafe::putByte (8 bytes)
Event: 8.501 Thread 0x000002a7e6533000 nmethod 2337 0x000002a7cdcb9290 code [0x000002a7cdcb9400, 0x000002a7cdcb9478]
Event: 8.565 Thread 0x000002a7e6533000 2341       4       java.lang.ThreadLocal::get (38 bytes)
Event: 8.565 Thread 0x000002a7e653b800 2342       3       javafx.scene.Node::preprocessMouseEvent (114 bytes)
Event: 8.567 Thread 0x000002a7e653b800 nmethod 2342 0x000002a7c6ae3490 code [0x000002a7c6ae3840, 0x000002a7c6ae5948]
Event: 8.571 Thread 0x000002a7e6533000 nmethod 2341 0x000002a7cdcb9590 code [0x000002a7cdcb9780, 0x000002a7cdcb9b08]
Event: 8.579 Thread 0x000002a7e653b800 2343       3       javafx.beans.property.DoublePropertyBase::set (77 bytes)
Event: 8.580 Thread 0x000002a7e653b800 nmethod 2343 0x000002a7c6ae6190 code [0x000002a7c6ae6420, 0x000002a7c6ae7088]
Event: 8.584 Thread 0x000002a7e653b800 2344       3       javafx.scene.Node::isTreeVisible (8 bytes)
Event: 8.585 Thread 0x000002a7e653b800 nmethod 2344 0x000002a7c6ae7390 code [0x000002a7c6ae7560, 0x000002a7c6ae7a18]

GC Heap History (4 events):
Event: 0.787 GC heap before
{Heap before GC invocations=0 (full 0):
 garbage-first heap   total 393216K, used 22528K [0x0000000681a00000, 0x0000000800000000)
  region size 1024K, 23 young (23552K), 0 survivors (0K)
 Metaspace       used 6117K, capacity 8241K, committed 8448K, reserved 1056768K
  class space    used 728K, capacity 991K, committed 1024K, reserved 1048576K
}
Event: 0.792 GC heap after
{Heap after GC invocations=1 (full 0):
 garbage-first heap   total 393216K, used 3080K [0x0000000681a00000, 0x0000000800000000)
  region size 1024K, 3 young (3072K), 3 survivors (3072K)
 Metaspace       used 6117K, capacity 8241K, committed 8448K, reserved 1056768K
  class space    used 728K, capacity 991K, committed 1024K, reserved 1048576K
}
Event: 1.453 GC heap before
{Heap before GC invocations=1 (full 0):
 garbage-first heap   total 393216K, used 34824K [0x0000000681a00000, 0x0000000800000000)
  region size 1024K, 34 young (34816K), 3 survivors (3072K)
 Metaspace       used 14189K, capacity 15302K, committed 15616K, reserved 1062912K
  class space    used 2130K, capacity 2433K, committed 2560K, reserved 1048576K
}
Event: 1.460 GC heap after
{Heap after GC invocations=2 (full 0):
 garbage-first heap   total 393216K, used 6931K [0x0000000681a00000, 0x0000000800000000)
  region size 1024K, 4 young (4096K), 4 survivors (4096K)
 Metaspace       used 14189K, capacity 15302K, committed 15616K, reserved 1062912K
  class space    used 2130K, capacity 2433K, committed 2560K, reserved 1048576K
}

Deoptimization events (20 events):
Event: 3.477 Thread 0x000002a7e79b2800 DEOPT PACKING pc=0x000002a7cdc3a754 sp=0x000000f7eabfc2d0
Event: 3.478 Thread 0x000002a7e79b2800 DEOPT UNPACKING pc=0x000002a7c614912f sp=0x000000f7eabfc250 mode 2
Event: 3.482 Thread 0x000002a7e8327800 DEOPT PACKING pc=0x000002a7c69c013f sp=0x000000f7ea9fd2b0
Event: 3.482 Thread 0x000002a7e8327800 DEOPT UNPACKING pc=0x000002a7c614964e sp=0x000000f7ea9fc708 mode 0
Event: 5.898 Thread 0x000002a7e8327800 DEOPT PACKING pc=0x000002a7c69c0160 sp=0x000000f7ea9fd2b0
Event: 5.898 Thread 0x000002a7e8327800 DEOPT UNPACKING pc=0x000002a7c614964e sp=0x000000f7ea9fc718 mode 0
Event: 5.898 Thread 0x000002a7e8327800 DEOPT PACKING pc=0x000002a7c69c0160 sp=0x000000f7ea9fd2b0
Event: 5.898 Thread 0x000002a7e8327800 DEOPT UNPACKING pc=0x000002a7c614964e sp=0x000000f7ea9fc718 mode 0
Event: 7.562 Thread 0x000002a7e8327800 DEOPT PACKING pc=0x000002a7c6ab8a57 sp=0x000000f7ea9fd490
Event: 7.562 Thread 0x000002a7e8327800 DEOPT UNPACKING pc=0x000002a7c614964e sp=0x000000f7ea9fc8c8 mode 0
Event: 7.753 Thread 0x000002a7e8327800 DEOPT PACKING pc=0x000002a7c6ab8a57 sp=0x000000f7ea9fd090
Event: 7.753 Thread 0x000002a7e8327800 DEOPT UNPACKING pc=0x000002a7c614964e sp=0x000000f7ea9fc4c8 mode 0
Event: 8.185 Thread 0x000002a7e8327800 DEOPT PACKING pc=0x000002a7c6ab8a57 sp=0x000000f7ea9fd090
Event: 8.185 Thread 0x000002a7e8327800 DEOPT UNPACKING pc=0x000002a7c614964e sp=0x000000f7ea9fc4c8 mode 0
Event: 8.217 Thread 0x000002a7e8327800 DEOPT PACKING pc=0x000002a7c69cbfd5 sp=0x000000f7ea9fcf70
Event: 8.217 Thread 0x000002a7e8327800 DEOPT UNPACKING pc=0x000002a7c614964e sp=0x000000f7ea9fc328 mode 0
Event: 8.377 Thread 0x000002a7e8327800 DEOPT PACKING pc=0x000002a7c6ab8a57 sp=0x000000f7ea9fd480
Event: 8.377 Thread 0x000002a7e8327800 DEOPT UNPACKING pc=0x000002a7c614964e sp=0x000000f7ea9fc8b8 mode 0
Event: 8.476 Thread 0x000002a7e8327800 DEOPT PACKING pc=0x000002a7c6ab8a57 sp=0x000000f7ea9fd090
Event: 8.476 Thread 0x000002a7e8327800 DEOPT UNPACKING pc=0x000002a7c614964e sp=0x000000f7ea9fc4c8 mode 0

Classes unloaded (0 events):
No events

Classes redefined (0 events):
No events

Internal exceptions (20 events):
Event: 0.678 Thread 0x000002a7bd96a000 Exception <a 'java/lang/NoSuchMethodError'{0x0000000698b15878}: 'java.lang.Object java.lang.invoke.Invokers$Holder.linkToTargetMethod(java.lang.Object, java.lang.Object, java.lang.Object, java.lang.Object, java.lang.Object, java.lang.Object)'> (0x0000000698b15878) 
thrown [./open/src/hotspot/share/interpreter/linkResolver.cpp, line 766]
Event: 0.685 Thread 0x000002a7e7bcf800 Exception <a 'java/lang/NoSuchMethodError'{0x0000000698804160}: 'void java.lang.invoke.DirectMethodHandle$Holder.invokeStatic(java.lang.Object, java.lang.Object, java.lang.Object, java.lang.Object)'> (0x0000000698804160) 
thrown [./open/src/hotspot/share/interpreter/linkResolver.cpp, line 766]
Event: 0.784 Thread 0x000002a7e79b2800 Exception <a 'java/lang/NoSuchMethodError'{0x00000006983d49f8}: 'java.lang.Object java.lang.invoke.DirectMethodHandle$Holder.invokeStaticInit(java.lang.Object, java.lang.Object, java.lang.Object, java.lang.Object)'> (0x00000006983d49f8) 
thrown [./open/src/hotspot/share/interpreter/linkResolver.cpp, line 766]
Event: 0.785 Thread 0x000002a7e79b2800 Exception <a 'java/lang/NullPointerException'{0x00000006983df0f8}> (0x00000006983df0f8) 
thrown [./open/src/hotspot/share/interpreter/linkResolver.cpp, line 1348]
Event: 0.794 Thread 0x000002a7e79b2800 Exception <a 'java/lang/NoSuchMethodError'{0x0000000699903e30}: 'void java.lang.invoke.DirectMethodHandle$Holder.invokeSpecial(java.lang.Object, java.lang.Object, java.lang.Object, java.lang.Object, java.lang.Object)'> (0x0000000699903e30) 
thrown [./open/src/hotspot/share/interpreter/linkResolver.cpp, line 766]
Event: 0.905 Thread 0x000002a7e79b2800 Exception <a 'java/lang/NoSuchMethodError'{0x00000006991348f0}: 'void java.lang.invoke.DirectMethodHandle$Holder.invokeStaticInit(java.lang.Object, java.lang.Object)'> (0x00000006991348f0) 
thrown [./open/src/hotspot/share/interpreter/linkResolver.cpp, line 766]
Event: 1.017 Thread 0x000002a7e79b2800 Implicit null exception at 0x000002a7cdc2ca25 to 0x000002a7cdc2ce18
Event: 1.017 Thread 0x000002a7e79b2800 Implicit null exception at 0x000002a7cdbf1968 to 0x000002a7cdbf19fa
Event: 1.043 Thread 0x000002a7e79b2800 Implicit null exception at 0x000002a7cdbecaaf to 0x000002a7cdbecb2d
Event: 1.166 Thread 0x000002a7e79b2800 Exception <a 'java/lang/NoSuchMethodError'{0x0000000698604358}: 'java.lang.Object java.lang.invoke.Invokers$Holder.linkToTargetMethod(java.lang.Object, int, java.lang.Object)'> (0x0000000698604358) 
thrown [./open/src/hotspot/share/interpreter/linkResolver.cpp, line 766]
Event: 1.212 Thread 0x000002a7e79b2800 Exception <a 'java/lang/NoSuchMethodError'{0x00000006985cfd20}: 'java.lang.Object java.lang.invoke.DirectMethodHandle$Holder.invokeInterface(java.lang.Object, java.lang.Object, java.lang.Object)'> (0x00000006985cfd20) 
thrown [./open/src/hotspot/share/interpreter/linkResolver.cpp, line 766]
Event: 1.213 Thread 0x000002a7e79b2800 Exception <a 'java/lang/IncompatibleClassChangeError'{0x00000006985d2bb0}: Found class java.lang.Object, but interface was expected> (0x00000006985d2bb0) 
thrown [./open/src/hotspot/share/interpreter/linkResolver.cpp, line 832]
Event: 1.249 Thread 0x000002a7e79b2800 Exception <a 'java/lang/ClassNotFoundException'{0x00000006983d39a8}: com/sun/javafx/scene/control/skin/resources/controls> (0x00000006983d39a8) 
thrown [./open/src/hotspot/share/prims/jni.cpp, line 620]
Event: 1.250 Thread 0x000002a7e79b2800 Exception <a 'java/lang/ClassNotFoundException'{0x00000006983e14a0}: com/sun/javafx/scene/control/skin/resources/controls_pl> (0x00000006983e14a0) 
thrown [./open/src/hotspot/share/prims/jni.cpp, line 620]
Event: 1.250 Thread 0x000002a7e79b2800 Exception <a 'java/lang/ClassNotFoundException'{0x00000006983e3d08}: com/sun/javafx/scene/control/skin/resources/controls_pl_PL> (0x00000006983e3d08) 
thrown [./open/src/hotspot/share/prims/jni.cpp, line 620]
Event: 1.284 Thread 0x000002a7e79b2800 Exception <a 'java/lang/NoSuchMethodError'{0x0000000697e8ad10}: 'void java.lang.invoke.DirectMethodHandle$Holder.invokeSpecial(java.lang.Object, java.lang.Object, java.lang.Object, java.lang.Object, java.lang.Object, java.lang.Object)'> (0x0000000697e8ad10) 
thrown [./open/src/hotspot/share/interpreter/linkResolver.cpp, line 766]
Event: 1.390 Thread 0x000002a7e8327800 Exception <a 'java/lang/NoSuchMethodError'{0x0000000697acd7d8}: 'int java.lang.invoke.DirectMethodHandle$Holder.invokeStaticInit(java.lang.Object, java.lang.Object)'> (0x0000000697acd7d8) 
thrown [./open/src/hotspot/share/interpreter/linkResolver.cpp, line 766]
Event: 1.403 Thread 0x000002a7e79b2800 Exception <a 'java/lang/NoSuchMethodError'{0x000000069791a5b0}: 'long java.lang.invoke.DirectMethodHandle$Holder.invokeStatic(java.lang.Object, java.lang.Object, java.lang.Object)'> (0x000000069791a5b0) 
thrown [./open/src/hotspot/share/interpreter/linkResolver.cpp, line 766]
Event: 1.404 Thread 0x000002a7e79b2800 Exception <a 'java/lang/NoSuchMethodError'{0x000000069791d500}: 'long java.lang.invoke.DirectMethodHandle$Holder.invokeStaticInit(java.lang.Object, java.lang.Object, java.lang.Object)'> (0x000000069791d500) 
thrown [./open/src/hotspot/share/interpreter/linkResolver.cpp, line 766]
Event: 1.407 Thread 0x000002a7e79b2800 Exception <a 'java/lang/NoSuchMethodError'{0x0000000697931a78}: 'java.lang.Object java.lang.invoke.Invokers$Holder.linkToTargetMethod(java.lang.Object, long, java.lang.Object)'> (0x0000000697931a78) 
thrown [./open/src/hotspot/share/interpreter/linkResolver.cpp, line 766]

Events (20 events):
Event: 3.447 loading class java/util/EnumMap$EnumMapIterator
Event: 3.447 loading class java/util/EnumMap$EnumMapIterator done
Event: 3.447 loading class java/util/EnumMap$ValueIterator done
Event: 4.204 loading class java/io/UnsupportedEncodingException
Event: 4.204 loading class java/io/UnsupportedEncodingException done
Event: 8.584 Executing VM operation: HandshakeOneThread
Event: 8.584 Executing VM operation: HandshakeOneThread done
Event: 8.585 Thread 0x000002a7edc71000 Thread added: 0x000002a7edc71000
Event: 8.585 Thread 0x000002a7e839e000 Thread added: 0x000002a7e839e000
Event: 8.585 Executing VM operation: HandshakeOneThread
Event: 8.585 Executing VM operation: HandshakeOneThread done
Event: 8.586 Executing VM operation: HandshakeOneThread
Event: 8.586 Executing VM operation: HandshakeOneThread done
Event: 8.586 Executing VM operation: HandshakeOneThread
Event: 8.586 Executing VM operation: HandshakeOneThread done
Event: 8.586 Executing VM operation: HandshakeOneThread
Event: 8.586 Executing VM operation: HandshakeOneThread done
Event: 8.586 Thread 0x000002a7e839e000 Thread exited: 0x000002a7e839e000
Event: 8.587 Thread 0x000002a7edc71000 Thread exited: 0x000002a7edc71000
Event: 8.587 Executing VM operation: Exit


Dynamic libraries:
0x00007ff7d7ab0000 - 0x00007ff7d7abf000 	C:\Program Files\Java\jdk-14.0.2\bin\java.exe
0x00007ffe72660000 - 0x00007ffe72850000 	C:\windows\SYSTEM32\ntdll.dll
0x00007ffe71a70000 - 0x00007ffe71b22000 	C:\windows\System32\KERNEL32.DLL
0x00007ffe6f780000 - 0x00007ffe6fa25000 	C:\windows\System32\KERNELBASE.dll
0x00007ffe6fbd0000 - 0x00007ffe6fcca000 	C:\windows\System32\ucrtbase.dll
0x00007ffe66590000 - 0x00007ffe665a8000 	C:\Program Files\Java\jdk-14.0.2\bin\jli.dll
0x00007ffe66570000 - 0x00007ffe66585000 	C:\Program Files\Java\jdk-14.0.2\bin\VCRUNTIME140.dll
0x00007ffe718d0000 - 0x00007ffe71973000 	C:\windows\System32\ADVAPI32.dll
0x00007ffe71530000 - 0x00007ffe715ce000 	C:\windows\System32\msvcrt.dll
0x00007ffe70d80000 - 0x00007ffe70e17000 	C:\windows\System32\sechost.dll
0x00007ffe707c0000 - 0x00007ffe708df000 	C:\windows\System32\RPCRT4.dll
0x00007ffe71730000 - 0x00007ffe718c4000 	C:\windows\System32\USER32.dll
0x00007ffe5a2e0000 - 0x00007ffe5a564000 	C:\windows\WinSxS\amd64_microsoft.windows.common-controls_6595b64144ccf1df_6.0.18362.1440_none_9e7dbfb9e45e8e67\COMCTL32.dll
0x00007ffe6fd70000 - 0x00007ffe6fd91000 	C:\windows\System32\win32u.dll
0x00007ffe715f0000 - 0x00007ffe71616000 	C:\windows\System32\GDI32.dll
0x00007ffe70a40000 - 0x00007ffe70d76000 	C:\windows\System32\combase.dll
0x00007ffe6fa30000 - 0x00007ffe6fbc8000 	C:\windows\System32\gdi32full.dll
0x00007ffe6fda0000 - 0x00007ffe6fe21000 	C:\windows\System32\bcryptPrimitives.dll
0x00007ffe6fcd0000 - 0x00007ffe6fd6e000 	C:\windows\System32\msvcp_win.dll
0x00007ffe69c30000 - 0x00007ffe69c3a000 	C:\windows\SYSTEM32\VERSION.dll
0x00007ffe71700000 - 0x00007ffe7172e000 	C:\windows\System32\IMM32.DLL
0x00007ffe4bf70000 - 0x00007ffe4c00b000 	C:\Program Files\Java\jdk-14.0.2\bin\msvcp140.dll
0x00007ffe1ce50000 - 0x00007ffe1d96e000 	C:\Program Files\Java\jdk-14.0.2\bin\server\jvm.dll
0x00007ffe71450000 - 0x00007ffe71458000 	C:\windows\System32\PSAPI.DLL
0x00007ffe618f0000 - 0x00007ffe618f9000 	C:\windows\SYSTEM32\WSOCK32.dll
0x00007ffe6cf10000 - 0x00007ffe6cf34000 	C:\windows\SYSTEM32\WINMM.dll
0x00007ffe71d40000 - 0x00007ffe71daf000 	C:\windows\System32\WS2_32.dll
0x00007ffe6cb30000 - 0x00007ffe6cb5d000 	C:\windows\SYSTEM32\winmmbase.dll
0x00007ffe6f730000 - 0x00007ffe6f77a000 	C:\windows\System32\cfgmgr32.dll
0x00007ffe6f5b0000 - 0x00007ffe6f5c1000 	C:\windows\System32\kernel.appcore.dll
0x00007ffe69450000 - 0x00007ffe6945a000 	C:\Program Files\Java\jdk-14.0.2\bin\jimage.dll
0x00007ffe6dde0000 - 0x00007ffe6dfd4000 	C:\windows\SYSTEM32\DBGHELP.DLL
0x00007ffe60a30000 - 0x00007ffe60a5a000 	C:\windows\SYSTEM32\dbgcore.DLL
0x00007ffe66520000 - 0x00007ffe66545000 	C:\Program Files\Java\jdk-14.0.2\bin\java.dll
0x00007ffe664c0000 - 0x00007ffe664d6000 	C:\Program Files\Java\jdk-14.0.2\bin\zip.dll
0x00007ffe71db0000 - 0x00007ffe72498000 	C:\windows\System32\SHELL32.dll
0x00007ffe70710000 - 0x00007ffe707b7000 	C:\windows\System32\shcore.dll
0x00007ffe6ff90000 - 0x00007ffe7070b000 	C:\windows\System32\windows.storage.dll
0x00007ffe6f590000 - 0x00007ffe6f5ae000 	C:\windows\System32\profapi.dll
0x00007ffe6f520000 - 0x00007ffe6f56a000 	C:\windows\System32\powrprof.dll
0x00007ffe6f510000 - 0x00007ffe6f520000 	C:\windows\System32\UMPDC.dll
0x00007ffe713d0000 - 0x00007ffe71422000 	C:\windows\System32\shlwapi.dll
0x00007ffe6ff70000 - 0x00007ffe6ff87000 	C:\windows\System32\cryptsp.dll
0x00007ffe66340000 - 0x00007ffe66359000 	C:\Program Files\Java\jdk-14.0.2\bin\net.dll
0x00007ffe66ff0000 - 0x00007ffe670ea000 	C:\windows\SYSTEM32\WINHTTP.dll
0x00007ffe6ecb0000 - 0x00007ffe6ed17000 	C:\windows\system32\mswsock.dll
0x00007ffe66320000 - 0x00007ffe66332000 	C:\Program Files\Java\jdk-14.0.2\bin\nio.dll
0x000002a7bb960000 - 0x000002a7bb963000 	C:\Users\PAWEL\.openjfx\cache\14\api-ms-win-core-console-l1-1-0.dll
0x000002a7bb970000 - 0x000002a7bb973000 	C:\Users\PAWEL\.openjfx\cache\14\api-ms-win-core-datetime-l1-1-0.dll
0x000002a7bd860000 - 0x000002a7bd863000 	C:\Users\PAWEL\.openjfx\cache\14\api-ms-win-core-debug-l1-1-0.dll
0x000002a7bd870000 - 0x000002a7bd873000 	C:\Users\PAWEL\.openjfx\cache\14\api-ms-win-core-errorhandling-l1-1-0.dll
0x000002a7bd880000 - 0x000002a7bd884000 	C:\Users\PAWEL\.openjfx\cache\14\api-ms-win-core-file-l1-1-0.dll
0x000002a7bd890000 - 0x000002a7bd893000 	C:\Users\PAWEL\.openjfx\cache\14\api-ms-win-core-file-l1-2-0.dll
0x000002a7bd8a0000 - 0x000002a7bd8a3000 	C:\Users\PAWEL\.openjfx\cache\14\api-ms-win-core-file-l2-1-0.dll
0x000002a7bd8b0000 - 0x000002a7bd8b3000 	C:\Users\PAWEL\.openjfx\cache\14\api-ms-win-core-handle-l1-1-0.dll
0x000002a7bd8c0000 - 0x000002a7bd8c3000 	C:\Users\PAWEL\.openjfx\cache\14\api-ms-win-core-heap-l1-1-0.dll
0x000002a7bd8d0000 - 0x000002a7bd8d3000 	C:\Users\PAWEL\.openjfx\cache\14\api-ms-win-core-interlocked-l1-1-0.dll
0x000002a7bd8e0000 - 0x000002a7bd8e3000 	C:\Users\PAWEL\.openjfx\cache\14\api-ms-win-core-libraryloader-l1-1-0.dll
0x000002a7bd8f0000 - 0x000002a7bd8f3000 	C:\Users\PAWEL\.openjfx\cache\14\api-ms-win-core-localization-l1-2-0.dll
0x000002a7bd900000 - 0x000002a7bd903000 	C:\Users\PAWEL\.openjfx\cache\14\api-ms-win-core-memory-l1-1-0.dll
0x000002a7bd910000 - 0x000002a7bd913000 	C:\Users\PAWEL\.openjfx\cache\14\api-ms-win-core-namedpipe-l1-1-0.dll
0x000002a7bd920000 - 0x000002a7bd923000 	C:\Users\PAWEL\.openjfx\cache\14\api-ms-win-core-processenvironment-l1-1-0.dll
0x000002a7e8870000 - 0x000002a7e8873000 	C:\Users\PAWEL\.openjfx\cache\14\api-ms-win-core-processthreads-l1-1-0.dll
0x000002a7e8880000 - 0x000002a7e8883000 	C:\Users\PAWEL\.openjfx\cache\14\api-ms-win-core-processthreads-l1-1-1.dll
0x000002a7e8890000 - 0x000002a7e8893000 	C:\Users\PAWEL\.openjfx\cache\14\api-ms-win-core-profile-l1-1-0.dll
0x000002a7e88a0000 - 0x000002a7e88a3000 	C:\Users\PAWEL\.openjfx\cache\14\api-ms-win-core-rtlsupport-l1-1-0.dll
0x000002a7e89c0000 - 0x000002a7e89c3000 	C:\Users\PAWEL\.openjfx\cache\14\api-ms-win-core-string-l1-1-0.dll
0x000002a7e89d0000 - 0x000002a7e89d3000 	C:\Users\PAWEL\.openjfx\cache\14\api-ms-win-core-synch-l1-1-0.dll
0x000002a7e89e0000 - 0x000002a7e89e3000 	C:\Users\PAWEL\.openjfx\cache\14\api-ms-win-core-synch-l1-2-0.dll
0x000002a7e89f0000 - 0x000002a7e89f3000 	C:\Users\PAWEL\.openjfx\cache\14\api-ms-win-core-sysinfo-l1-1-0.dll
0x000002a7e88b0000 - 0x000002a7e88b3000 	C:\Users\PAWEL\.openjfx\cache\14\api-ms-win-core-timezone-l1-1-0.dll
0x000002a7e88c0000 - 0x000002a7e88c3000 	C:\Users\PAWEL\.openjfx\cache\14\api-ms-win-core-util-l1-1-0.dll
0x000002a7e88d0000 - 0x000002a7e88d3000 	C:\Users\PAWEL\.openjfx\cache\14\api-ms-win-crt-conio-l1-1-0.dll
0x000002a7e88e0000 - 0x000002a7e88e4000 	C:\Users\PAWEL\.openjfx\cache\14\api-ms-win-crt-convert-l1-1-0.dll
0x000002a7e88f0000 - 0x000002a7e88f3000 	C:\Users\PAWEL\.openjfx\cache\14\api-ms-win-crt-environment-l1-1-0.dll
0x000002a7e8900000 - 0x000002a7e8903000 	C:\Users\PAWEL\.openjfx\cache\14\api-ms-win-crt-filesystem-l1-1-0.dll
0x000002a7e8910000 - 0x000002a7e8913000 	C:\Users\PAWEL\.openjfx\cache\14\api-ms-win-crt-heap-l1-1-0.dll
0x000002a7e8920000 - 0x000002a7e8923000 	C:\Users\PAWEL\.openjfx\cache\14\api-ms-win-crt-locale-l1-1-0.dll
0x000002a7e8930000 - 0x000002a7e8935000 	C:\Users\PAWEL\.openjfx\cache\14\api-ms-win-crt-math-l1-1-0.dll
0x000002a7e8940000 - 0x000002a7e8945000 	C:\Users\PAWEL\.openjfx\cache\14\api-ms-win-crt-multibyte-l1-1-0.dll
0x000002a7e8950000 - 0x000002a7e8960000 	C:\Users\PAWEL\.openjfx\cache\14\api-ms-win-crt-private-l1-1-0.dll
0x000002a7e8960000 - 0x000002a7e8963000 	C:\Users\PAWEL\.openjfx\cache\14\api-ms-win-crt-process-l1-1-0.dll
0x000002a7e8970000 - 0x000002a7e8974000 	C:\Users\PAWEL\.openjfx\cache\14\api-ms-win-crt-runtime-l1-1-0.dll
0x000002a7e8980000 - 0x000002a7e8984000 	C:\Users\PAWEL\.openjfx\cache\14\api-ms-win-crt-stdio-l1-1-0.dll
0x000002a7e8990000 - 0x000002a7e8994000 	C:\Users\PAWEL\.openjfx\cache\14\api-ms-win-crt-string-l1-1-0.dll
0x000002a7e89a0000 - 0x000002a7e89a3000 	C:\Users\PAWEL\.openjfx\cache\14\api-ms-win-crt-time-l1-1-0.dll
0x000002a7e89b0000 - 0x000002a7e89b3000 	C:\Users\PAWEL\.openjfx\cache\14\api-ms-win-crt-utility-l1-1-0.dll
0x00007ffe49280000 - 0x00007ffe4937c000 	C:\Users\PAWEL\.openjfx\cache\14\ucrtbase.dll
0x00007ffe661f0000 - 0x00007ffe66205000 	C:\Users\PAWEL\.openjfx\cache\14\vcruntime140.dll
0x00007ffe49940000 - 0x00007ffe499db000 	C:\Users\PAWEL\.openjfx\cache\14\msvcp140.dll
0x00007ffe66150000 - 0x00007ffe661a1000 	C:\Users\PAWEL\.openjfx\cache\14\concrt140.dll
0x00007ffe4bf40000 - 0x00007ffe4bf63000 	C:\Users\PAWEL\.openjfx\cache\14\prism_d3d.dll
0x00007ffe4ae90000 - 0x00007ffe4b057000 	C:\windows\system32\d3d9.dll
0x00007ffe6d9c0000 - 0x00007ffe6d9ed000 	C:\windows\SYSTEM32\dwmapi.dll
0x00007ffe6e110000 - 0x00007ffe6e130000 	C:\windows\SYSTEM32\dxcore.dll
0x00007ffe6d490000 - 0x00007ffe6d529000 	C:\windows\system32\uxtheme.dll
0x00007ffe71460000 - 0x00007ffe71525000 	C:\windows\System32\OLEAUT32.dll
0x00007ffe708e0000 - 0x00007ffe70a37000 	C:\windows\System32\ole32.dll
0x00007ffe6ff40000 - 0x00007ffe6ff66000 	C:\windows\System32\bcrypt.dll
0x00007ffe4be30000 - 0x00007ffe4be75000 	C:\Users\PAWEL\.openjfx\cache\14\glass.dll
0x00007ffe72550000 - 0x00007ffe72620000 	C:\windows\System32\COMDLG32.dll
0x00007ffe71290000 - 0x00007ffe713c5000 	C:\windows\System32\MSCTF.dll
0x00007ffe4bf20000 - 0x00007ffe4bf34000 	C:\Users\PAWEL\.openjfx\cache\14\javafx_font.dll
0x00007ffe46c70000 - 0x00007ffe46f6e000 	C:\windows\SYSTEM32\dwrite.dll
0x00007ffe724a0000 - 0x00007ffe72542000 	C:\windows\System32\clbcatq.dll
0x00007ffe5f1f0000 - 0x00007ffe5f39f000 	C:\windows\SYSTEM32\WindowsCodecs.dll
0x00007ffe46fb0000 - 0x00007ffe46feb000 	C:\windows\system32\dataexchange.dll
0x00007ffe6c290000 - 0x00007ffe6c4eb000 	C:\windows\system32\d3d11.dll
0x00007ffe6c950000 - 0x00007ffe6cb2d000 	C:\windows\system32\dcomp.dll
0x00007ffe6e1a0000 - 0x00007ffe6e28b000 	C:\windows\system32\dxgi.dll
0x00007ffe6d550000 - 0x00007ffe6d7aa000 	C:\windows\system32\twinapi.appcore.dll
0x00007ffe6d8b0000 - 0x00007ffe6d8d9000 	C:\windows\system32\RMCLIENT.dll
0x00007ffe4ba50000 - 0x00007ffe4ba83000 	C:\Program Files\Common Files\Microsoft Shared\Ink\rtscom.dll
0x00007ffe4cec0000 - 0x00007ffe4cf5d000 	C:\windows\System32\TextInputFramework.dll
0x00007ffe6cf40000 - 0x00007ffe6d014000 	C:\windows\System32\CoreMessaging.dll
0x00007ffe5fd40000 - 0x00007ffe6006a000 	C:\windows\System32\CoreUIComponents.dll
0x00007ffe6e510000 - 0x00007ffe6e541000 	C:\windows\SYSTEM32\ntmarta.dll
0x00007ffe6abb0000 - 0x00007ffe6ad02000 	C:\windows\SYSTEM32\wintypes.dll
0x00007ffe5f770000 - 0x00007ffe5fa17000 	C:\windows\System32\iertutil.dll

dbghelp: loaded successfully - version: 4.0.5 - missing functions: none
symbol engine: initialized successfully - sym options: 0x614 - pdb path: .;C:\Program Files\Java\jdk-14.0.2\bin;C:\windows\SYSTEM32;C:\windows\WinSxS\amd64_microsoft.windows.common-controls_6595b64144ccf1df_6.0.18362.1440_none_9e7dbfb9e45e8e67;C:\Program Files\Java\jdk-14.0.2\bin\server;C:\Users\PAWEL\.openjfx\cache\14;C:\WINDOWS\System32\DriverStore\FileRepository\igdlh64.inf_amd64_463164d40c3d26ce;C:\Program Files\Common Files\Microsoft Shared\Ink

VM Arguments:
jvm_args: --add-modules=javafx.base,javafx.controls,javafx.fxml,javafx.graphics,javafx.media,javafx.swing,javafx.web --module-path=C:\Users\PAWEL\.gradle\caches\modules-2\files-2.1\org.openjfx\javafx-web\14\af6899fcd98420da5273f17e91b937fcc15a2ac9\javafx-web-14-win.jar;C:\Users\PAWEL\.gradle\caches\modules-2\files-2.1\org.openjfx\javafx-fxml\14\71c819f0445fc613f631698c495d9ae92a35b041\javafx-fxml-14-win.jar;C:\Users\PAWEL\.gradle\caches\modules-2\files-2.1\org.openjfx\javafx-controls\14\f0f836ec9d1dd5ce0f3776cd2a87949e5191e085\javafx-controls-14-win.jar;C:\Users\PAWEL\.gradle\caches\modules-2\files-2.1\org.openjfx\javafx-swing\14\3a4621195292f0a685c4bb2c0172d30b0a42e694\javafx-swing-14-win.jar;C:\Users\PAWEL\.gradle\caches\modules-2\files-2.1\org.openjfx\javafx-media\14\4a08bb1a89b3ee89615633c3139ed933bbf28041\javafx-media-14-win.jar;C:\Users\PAWEL\.gradle\caches\modules-2\files-2.1\org.openjfx\javafx-graphics\14\ed1f8b8c5893d2d62e7c1fc66c9ba06dfe02787d\javafx-graphics-14-win.jar;C:\Users\PAWEL\.gradle\caches\modules-2\files-2.1\org.openjfx\javafx-base\14\956a9be2db3fe917ebfc24c2d04ab0cb5d6714c7\javafx-base-14-win.jar -Dfile.encoding=windows-1250 -Duser.country=PL -Duser.language=pl -Duser.variant 
java_command: chessgame.Main
java_class_path (initial): D:\Users\PAWEL\Documents\STUDIA\Moje-projekty\pm-chess-game\build\classes\java\main;D:\Users\PAWEL\Documents\STUDIA\Moje-projekty\pm-chess-game\build\resources\main;C:\Users\PAWEL\.gradle\caches\modules-2\files-2.1\org.openjfx\javafx-web\14\af6899fcd98420da5273f17e91b937fcc15a2ac9\javafx-web-14-win.jar;C:\Users\PAWEL\.gradle\caches\modules-2\files-2.1\org.openjfx\javafx-fxml\14\71c819f0445fc613f631698c495d9ae92a35b041\javafx-fxml-14-win.jar;C:\Users\PAWEL\.gradle\caches\modules-2\files-2.1\org.openjfx\javafx-controls\14\f0f836ec9d1dd5ce0f3776cd2a87949e5191e085\javafx-controls-14-win.jar;C:\Users\PAWEL\.gradle\caches\modules-2\files-2.1\org.openjfx\javafx-controls\14\312b419feb6d5d927c80dafe13f8770bb5ff5b77\javafx-controls-14.jar;C:\Users\PAWEL\.gradle\caches\modules-2\files-2.1\org.openjfx\javafx-swing\14\3a4621195292f0a685c4bb2c0172d30b0a42e694\javafx-swing-14-win.jar;C:\Users\PAWEL\.gradle\caches\modules-2\files-2.1\org.openjfx\javafx-media\14\4a08bb1a89b3ee89615633c3139ed933bbf28041\javafx-media-14-win.jar;C:\Users\PAWEL\.gradle\caches\modules-2\files-2.1\org.openjfx\javafx-media\14\51ec4899654f6b2496e5c40d96ba58d26ff3888b\javafx-media-14.jar;C:\Users\PAWEL\.gradle\caches\modules-2\files-2.1\org.openjfx\javafx-graphics\14\ed1f8b8c5893d2d62e7c1fc66c9ba06dfe02787d\javafx-graphics-14-win.jar;C:\Users\PAWEL\.gradle\caches\modules-2\files-2.1\org.openjfx\javafx-graphics\14\132514c6e75c58dd34592dad8d356f78c3f0a680\javafx-graphics-14.jar;C:\Users\PAWEL\.gradle\caches\modules-2\files-2.1\org.openjfx\javafx-base\14\956a9be2db3fe917ebfc24c2d04ab0cb5d6714c7\javafx-base-14-win.jar;C:\Users\PAWEL\.gradle\caches\modules-2\files-2.1\org.openjfx\javafx-base\14\4eddcdd8713831212ec9b396169959655cf0dc21\javafx-base-14.jar
Launcher Type: SUN_STANDARD

[Global flags]
     intx CICompilerCount                          = 4                                         {product} {ergonomic}
     uint ConcGCThreads                            = 2                                         {product} {ergonomic}
     uint G1ConcRefinementThreads                  = 8                                         {product} {ergonomic}
   size_t G1HeapRegionSize                         = 1048576                                   {product} {ergonomic}
    uintx GCDrainStackTargetSize                   = 64                                        {product} {ergonomic}
   size_t InitialHeapSize                          = 402653184                                 {product} {ergonomic}
   size_t MarkStackSize                            = 4194304                                   {product} {ergonomic}
   size_t MaxHeapSize                              = 6415187968                                {product} {ergonomic}
   size_t MaxNewSize                               = 3848273920                                {product} {ergonomic}
   size_t MinHeapDeltaBytes                        = 1048576                                   {product} {ergonomic}
   size_t MinHeapSize                              = 8388608                                   {product} {ergonomic}
    uintx NonNMethodCodeHeapSize                   = 5839372                                {pd product} {ergonomic}
    uintx NonProfiledCodeHeapSize                  = 122909434                              {pd product} {ergonomic}
    uintx ProfiledCodeHeapSize                     = 122909434                              {pd product} {ergonomic}
    uintx ReservedCodeCacheSize                    = 251658240                              {pd product} {ergonomic}
     bool SegmentedCodeCache                       = true                                      {product} {ergonomic}
   size_t SoftMaxHeapSize                          = 6415187968                             {manageable} {ergonomic}
     bool UseCompressedClassPointers               = true                                 {lp64_product} {ergonomic}
     bool UseCompressedOops                        = true                                 {lp64_product} {ergonomic}
     bool UseG1GC                                  = true                                      {product} {ergonomic}
     bool UseLargePagesIndividualAllocation        = false                                  {pd product} {ergonomic}

Logging:
Log output configuration:
 #0: stdout all=off uptime,level,tags
 #1: stderr all=off uptime,level,tags

Environment Variables:
JAVA_HOME=C:\Program Files\Java\jdk-14.0.2
PATH=C:\Users\PAWEL\bin;C:\Program Files\Git\mingw64\bin;C:\Program Files\Git\usr\local\bin;C:\Program Files\Git\usr\bin;C:\Program Files\Git\usr\bin;C:\Program Files\Git\mingw64\bin;C:\Program Files\Git\usr\bin;C:\Users\PAWEL\bin;C:\Program Files (x86)\Common Files\Oracle\Java\javapath;C:\ProgramData\Oracle\Java\javapath;C:\Program Files (x86)\Intel\iCLS Client;C:\Program Files\Intel\iCLS Client;C:\Windows\system32;C:\Windows;C:\Windows\System32\Wbem;C:\Windows\System32\WindowsPowerShell\v1.0;C:\Program Files (x86)\Intel\Intel(R) Management Engine Components\DAL;C:\Program Files\Intel\Intel(R) Management Engine Components\DAL;C:\Program Files (x86)\Intel\Intel(R) Management Engine Components\IPT;C:\Program Files\Intel\Intel(R) Management Engine Components\IPT;C:\Program Files\Intel\WiFi\bin;C:\Program Files\Common Files\Intel\WirelessCommon;C:\WINDOWS\system32;C:\WINDOWS;C:\WINDOWS\System32\Wbem;C:\WINDOWS\System32\WindowsPowerShell\v1.0;C:\Program Files (x86)\NVIDIA Corporation\PhysX\Common;C:\WINDOWS\System32\OpenSSH;C:\Program Files\NVIDIA Corporation\NVIDIA NvDLISR;C:\windows\system32;C:\windows;C:\windows\System32\Wbem;C:\windows\System32\WindowsPowerShell\v1.0;C:\windows\System32\OpenSSH;C:\Program Files (x86)\Microsoft SQL Server\150\DTS\Binn;C:\Program Files\nodejs;C:\ProgramData\chocolatey\bin;C:\Program Files\Microsoft SQL Server\130\Tools\Binn;C:\Program Files\Microsoft SQL Server\Client SDK\ODBC\170\Tools\Binn;C:\Program Files\gnuplot\bin;C:\Program Files\Java\jdk-13.0.2\bin;%QUARTUS_ROOTDIR%\bin;C:\Program Files\dotnet;C:\Gradle\gradle-6.7.1\bin;C:\Program Files (x86)\dotnet;C:\Program Files\apache-maven-3.6.3\bin;C:\Program Files\MATLAB\R2020b\bin;C:\Program Files\Git\cmd;C:\Program Files (x86)\PuTTY;C:\Program Files\Docker\Docker\resources\bin;C:\ProgramData\DockerDesktop\version-bin;C:\Users\PAWEL\AppData\Local\Programs\Python\Python37\Scripts;C:\Users\PAWEL\AppData\Local\Programs\Python\Python37;C:\Users\PAWEL\AppData\Local\Microsoft\WindowsApps;C:\Us
USERNAME=PAWEL
SHELL=C:\Program Files\Git\usr\bin\bash.exe
DISPLAY=needs-to-be-defined
OS=Windows_NT
PROCESSOR_IDENTIFIER=Intel64 Family 6 Model 94 Stepping 3, GenuineIntel



---------------  S Y S T E M  ---------------

OS: Windows 10 , 64 bit Build 18362 (10.0.18362.1350)
OS uptime: 0 days 3:41 hours
HyperV virtualization detected

CPU:total 8 (initial active 8) (4 cores per cpu, 2 threads per core) family 6 model 94 stepping 3, cmov, cx8, fxsr, mmx, sse, sse2, sse3, ssse3, sse4.1, sse4.2, popcnt, avx, avx2, aes, clmul, erms, rtm, 3dnowpref, lzcnt, ht, tsc, tscinvbit, bmi1, bmi2, adx, fma

Memory: 4k page, system-wide physical 24471M (15144M free)
TotalPageFile size 49047M (AvailPageFile size 38206M)
current process WorkingSet (physical memory assigned to process): 137M, peak: 180M
current process commit charge ("private bytes"): 535M, peak: 588M

vm_info: Java HotSpot(TM) 64-Bit Server VM (14.0.2+12-46) for windows-amd64 JRE (14.0.2+12-46), built on Jul  9 2020 00:35:52 by "mach5one" with MS VC++ 15.9 (VS2017)

END.
